{"meta": {"format": 3, "version": "7.12.0", "timestamp": "2025-11-24T11:05:50.581935", "branch_coverage": false, "show_contexts": false}, "files": {"__init__.py": {"executed_lines": [0], "summary": {"covered_lines": 0, "num_statements": 0, "percent_covered": 100.0, "percent_covered_display": "100", "missing_lines": 0, "excluded_lines": 0, "percent_statements_covered": 100.0, "percent_statements_covered_display": "100"}, "missing_lines": [], "excluded_lines": [], "functions": {"": {"executed_lines": [], "summary": {"covered_lines": 0, "num_statements": 0, "percent_covered": 100.0, "percent_covered_display": "100", "missing_lines": 0, "excluded_lines": 0, "percent_statements_covered": 100.0, "percent_statements_covered_display": "100"}, "missing_lines": [], "excluded_lines": []}}, "classes": {"": {"executed_lines": [], "summary": {"covered_lines": 0, "num_statements": 0, "percent_covered": 100.0, "percent_covered_display": "100", "missing_lines": 0, "excluded_lines": 0, "percent_statements_covered": 100.0, "percent_statements_covered_display": "100"}, "missing_lines": [], "excluded_lines": []}}}, "config\\__init__.py": {"executed_lines": [0], "summary": {"covered_lines": 0, "num_statements": 0, "percent_covered": 100.0, "percent_covered_display": "100", "missing_lines": 0, "excluded_lines": 0, "percent_statements_covered": 100.0, "percent_statements_covered_display": "100"}, "missing_lines": [], "excluded_lines": [], "functions": {"": {"executed_lines": [], "summary": {"covered_lines": 0, "num_statements": 0, "percent_covered": 100.0, "percent_covered_display": "100", "missing_lines": 0, "excluded_lines": 0, "percent_statements_covered": 100.0, "percent_statements_covered_display": "100"}, "missing_lines": [], "excluded_lines": []}}, "classes": {"": {"executed_lines": [], "summary": {"covered_lines": 0, "num_statements": 0, "percent_covered": 100.0, "percent_covered_display": "100", "missing_lines": 0, "excluded_lines": 0, "percent_statements_covered": 100.0, "percent_statements_covered_display": "100"}, "missing_lines": [], "excluded_lines": []}}}, "config\\settings.py": {"executed_lines": [3, 4, 5, 8], "summary": {"covered_lines": 4, "num_statements": 9, "percent_covered": 44.44444444444444, "percent_covered_display": "44", "missing_lines": 5, "excluded_lines": 0, "percent_statements_covered": 44.44444444444444, "percent_statements_covered_display": "44"}, "missing_lines": [13, 15, 16, 18, 19], "excluded_lines": [], "functions": {"load_env": {"executed_lines": [], "summary": {"covered_lines": 0, "num_statements": 5, "percent_covered": 0.0, "percent_covered_display": "0", "missing_lines": 5, "excluded_lines": 0, "percent_statements_covered": 0.0, "percent_statements_covered_display": "0"}, "missing_lines": [13, 15, 16, 18, 19], "excluded_lines": []}, "": {"executed_lines": [3, 4, 5, 8], "summary": {"covered_lines": 4, "num_statements": 4, "percent_covered": 100.0, "percent_covered_display": "100", "missing_lines": 0, "excluded_lines": 0, "percent_statements_covered": 100.0, "percent_statements_covered_display": "100"}, "missing_lines": [], "excluded_lines": []}}, "classes": {"": {"executed_lines": [3, 4, 5, 8], "summary": {"covered_lines": 4, "num_statements": 9, "percent_covered": 44.44444444444444, "percent_covered_display": "44", "missing_lines": 5, "excluded_lines": 0, "percent_statements_covered": 44.44444444444444, "percent_statements_covered_display": "44"}, "missing_lines": [13, 15, 16, 18, 19], "excluded_lines": []}}}, "connectors\\__init__.py": {"executed_lines": [0], "summary": {"covered_lines": 0, "num_statements": 0, "percent_covered": 100.0, "percent_covered_display": "100", "missing_lines": 0, "excluded_lines": 0, "percent_statements_covered": 100.0, "percent_statements_covered_display": "100"}, "missing_lines": [], "excluded_lines": [], "functions": {"": {"executed_lines": [], "summary": {"covered_lines": 0, "num_statements": 0, "percent_covered": 100.0, "percent_covered_display": "100", "missing_lines": 0, "excluded_lines": 0, "percent_statements_covered": 100.0, "percent_statements_covered_display": "100"}, "missing_lines": [], "excluded_lines": []}}, "classes": {"": {"executed_lines": [], "summary": {"covered_lines": 0, "num_statements": 0, "percent_covered": 100.0, "percent_covered_display": "100", "missing_lines": 0, "excluded_lines": 0, "percent_statements_covered": 100.0, "percent_statements_covered_display": "100"}, "missing_lines": [], "excluded_lines": []}}}, "connectors\\mongodb_client.py": {"executed_lines": [3, 4, 5, 6, 8, 9, 10, 11, 12, 19, 20, 24, 25, 26, 27, 28, 31, 32, 33, 34, 35, 37, 44, 45, 67, 68, 72, 78, 106, 112, 118], "summary": {"covered_lines": 29, "num_statements": 59, "percent_covered": 49.152542372881356, "percent_covered_display": "49", "missing_lines": 30, "excluded_lines": 0, "percent_statements_covered": 49.152542372881356, "percent_statements_covered_display": "49"}, "missing_lines": [39, 47, 73, 74, 75, 80, 81, 83, 84, 85, 87, 88, 91, 93, 94, 96, 97, 99, 100, 101, 103, 107, 108, 109, 113, 114, 115, 119, 120, 121], "excluded_lines": [], "functions": {"MongoSettings.build_uri": {"executed_lines": [], "summary": {"covered_lines": 0, "num_statements": 1, "percent_covered": 0.0, "percent_covered_display": "0", "missing_lines": 1, "excluded_lines": 0, "percent_statements_covered": 0.0, "percent_statements_covered_display": "0"}, "missing_lines": [39], "excluded_lines": []}, "MongoSettings.from_env": {"executed_lines": [], "summary": {"covered_lines": 0, "num_statements": 1, "percent_covered": 0.0, "percent_covered_display": "0", "missing_lines": 1, "excluded_lines": 0, "percent_statements_covered": 0.0, "percent_statements_covered_display": "0"}, "missing_lines": [47], "excluded_lines": []}, "MongoDBClient.__init__": {"executed_lines": [], "summary": {"covered_lines": 0, "num_statements": 3, "percent_covered": 0.0, "percent_covered_display": "0", "missing_lines": 3, "excluded_lines": 0, "percent_statements_covered": 0.0, "percent_statements_covered_display": "0"}, "missing_lines": [73, 74, 75], "excluded_lines": []}, "MongoDBClient.connect": {"executed_lines": [], "summary": {"covered_lines": 0, "num_statements": 16, "percent_covered": 0.0, "percent_covered_display": "0", "missing_lines": 16, "excluded_lines": 0, "percent_statements_covered": 0.0, "percent_statements_covered_display": "0"}, "missing_lines": [80, 81, 83, 84, 85, 87, 88, 91, 93, 94, 96, 97, 99, 100, 101, 103], "excluded_lines": []}, "MongoDBClient.get_database": {"executed_lines": [], "summary": {"covered_lines": 0, "num_statements": 3, "percent_covered": 0.0, "percent_covered_display": "0", "missing_lines": 3, "excluded_lines": 0, "percent_statements_covered": 0.0, "percent_statements_covered_display": "0"}, "missing_lines": [107, 108, 109], "excluded_lines": []}, "MongoDBClient.get_collection": {"executed_lines": [], "summary": {"covered_lines": 0, "num_statements": 3, "percent_covered": 0.0, "percent_covered_display": "0", "missing_lines": 3, "excluded_lines": 0, "percent_statements_covered": 0.0, "percent_statements_covered_display": "0"}, "missing_lines": [113, 114, 115], "excluded_lines": []}, "MongoDBClient.close": {"executed_lines": [], "summary": {"covered_lines": 0, "num_statements": 3, "percent_covered": 0.0, "percent_covered_display": "0", "missing_lines": 3, "excluded_lines": 0, "percent_statements_covered": 0.0, "percent_statements_covered_display": "0"}, "missing_lines": [119, 120, 121], "excluded_lines": []}, "": {"executed_lines": [3, 4, 5, 6, 8, 9, 10, 11, 12, 19, 20, 24, 25, 26, 27, 28, 31, 32, 33, 34, 35, 37, 44, 45, 67, 68, 72, 78, 106, 112, 118], "summary": {"covered_lines": 29, "num_statements": 29, "percent_covered": 100.0, "percent_covered_display": "100", "missing_lines": 0, "excluded_lines": 0, "percent_statements_covered": 100.0, "percent_statements_covered_display": "100"}, "missing_lines": [], "excluded_lines": []}}, "classes": {"MongoSettings": {"executed_lines": [], "summary": {"covered_lines": 0, "num_statements": 2, "percent_covered": 0.0, "percent_covered_display": "0", "missing_lines": 2, "excluded_lines": 0, "percent_statements_covered": 0.0, "percent_statements_covered_display": "0"}, "missing_lines": [39, 47], "excluded_lines": []}, "MongoDBClient": {"executed_lines": [], "summary": {"covered_lines": 0, "num_statements": 28, "percent_covered": 0.0, "percent_covered_display": "0", "missing_lines": 28, "excluded_lines": 0, "percent_statements_covered": 0.0, "percent_statements_covered_display": "0"}, "missing_lines": [73, 74, 75, 80, 81, 83, 84, 85, 87, 88, 91, 93, 94, 96, 97, 99, 100, 101, 103, 107, 108, 109, 113, 114, 115, 119, 120, 121], "excluded_lines": []}, "": {"executed_lines": [3, 4, 5, 6, 8, 9, 10, 11, 12, 19, 20, 24, 25, 26, 27, 28, 31, 32, 33, 34, 35, 37, 44, 45, 67, 68, 72, 78, 106, 112, 118], "summary": {"covered_lines": 29, "num_statements": 29, "percent_covered": 100.0, "percent_covered_display": "100", "missing_lines": 0, "excluded_lines": 0, "percent_statements_covered": 100.0, "percent_statements_covered_display": "100"}, "missing_lines": [], "excluded_lines": []}}}, "database\\__init__.py": {"executed_lines": [0], "summary": {"covered_lines": 0, "num_statements": 0, "percent_covered": 100.0, "percent_covered_display": "100", "missing_lines": 0, "excluded_lines": 0, "percent_statements_covered": 100.0, "percent_statements_covered_display": "100"}, "missing_lines": [], "excluded_lines": [], "functions": {"": {"executed_lines": [], "summary": {"covered_lines": 0, "num_statements": 0, "percent_covered": 100.0, "percent_covered_display": "100", "missing_lines": 0, "excluded_lines": 0, "percent_statements_covered": 100.0, "percent_statements_covered_display": "100"}, "missing_lines": [], "excluded_lines": []}}, "classes": {"": {"executed_lines": [], "summary": {"covered_lines": 0, "num_statements": 0, "percent_covered": 100.0, "percent_covered_display": "100", "missing_lines": 0, "excluded_lines": 0, "percent_statements_covered": 100.0, "percent_statements_covered_display": "100"}, "missing_lines": [], "excluded_lines": []}}}, "database\\check_db_state.py": {"executed_lines": [], "summary": {"covered_lines": 0, "num_statements": 32, "percent_covered": 0.0, "percent_covered_display": "0", "missing_lines": 32, "excluded_lines": 0, "percent_statements_covered": 0.0, "percent_statements_covered_display": "0"}, "missing_lines": [3, 4, 5, 8, 9, 10, 11, 12, 15, 24, 30, 31, 33, 34, 35, 37, 39, 41, 42, 44, 45, 46, 48, 51, 53, 54, 55, 56, 58, 60, 63, 64], "excluded_lines": [], "functions": {"check_db_state": {"executed_lines": [], "summary": {"covered_lines": 0, "num_statements": 20, "percent_covered": 0.0, "percent_covered_display": "0", "missing_lines": 20, "excluded_lines": 0, "percent_statements_covered": 0.0, "percent_statements_covered_display": "0"}, "missing_lines": [30, 31, 33, 34, 35, 37, 39, 41, 42, 44, 45, 46, 48, 51, 53, 54, 55, 56, 58, 60], "excluded_lines": []}, "": {"executed_lines": [], "summary": {"covered_lines": 0, "num_statements": 12, "percent_covered": 0.0, "percent_covered_display": "0", "missing_lines": 12, "excluded_lines": 0, "percent_statements_covered": 0.0, "percent_statements_covered_display": "0"}, "missing_lines": [3, 4, 5, 8, 9, 10, 11, 12, 15, 24, 63, 64], "excluded_lines": []}}, "classes": {"": {"executed_lines": [], "summary": {"covered_lines": 0, "num_statements": 32, "percent_covered": 0.0, "percent_covered_display": "0", "missing_lines": 32, "excluded_lines": 0, "percent_statements_covered": 0.0, "percent_statements_covered_display": "0"}, "missing_lines": [3, 4, 5, 8, 9, 10, 11, 12, 15, 24, 30, 31, 33, 34, 35, 37, 39, 41, 42, 44, 45, 46, 48, 51, 53, 54, 55, 56, 58, 60, 63, 64], "excluded_lines": []}}}, "database\\create_final_unique_index.py": {"executed_lines": [3, 4, 6, 28], "summary": {"covered_lines": 4, "num_statements": 13, "percent_covered": 30.76923076923077, "percent_covered_display": "31", "missing_lines": 9, "excluded_lines": 0, "percent_statements_covered": 30.76923076923077, "percent_statements_covered_display": "31"}, "missing_lines": [8, 9, 10, 11, 13, 15, 25, 26, 29], "excluded_lines": [], "functions": {"create_unique_index": {"executed_lines": [], "summary": {"covered_lines": 0, "num_statements": 8, "percent_covered": 0.0, "percent_covered_display": "0", "missing_lines": 8, "excluded_lines": 0, "percent_statements_covered": 0.0, "percent_statements_covered_display": "0"}, "missing_lines": [8, 9, 10, 11, 13, 15, 25, 26], "excluded_lines": []}, "": {"executed_lines": [3, 4, 6, 28], "summary": {"covered_lines": 4, "num_statements": 5, "percent_covered": 80.0, "percent_covered_display": "80", "missing_lines": 1, "excluded_lines": 0, "percent_statements_covered": 80.0, "percent_statements_covered_display": "80"}, "missing_lines": [29], "excluded_lines": []}}, "classes": {"": {"executed_lines": [3, 4, 6, 28], "summary": {"covered_lines": 4, "num_statements": 13, "percent_covered": 30.76923076923077, "percent_covered_display": "31", "missing_lines": 9, "excluded_lines": 0, "percent_statements_covered": 30.76923076923077, "percent_statements_covered_display": "31"}, "missing_lines": [8, 9, 10, 11, 13, 15, 25, 26, 29], "excluded_lines": []}}}, "database\\init_db.py": {"executed_lines": [3, 4, 5, 8, 9, 10, 11, 12, 15, 21, 30, 104], "summary": {"covered_lines": 12, "num_statements": 46, "percent_covered": 26.08695652173913, "percent_covered_display": "26", "missing_lines": 34, "excluded_lines": 0, "percent_statements_covered": 26.08695652173913, "percent_statements_covered_display": "26"}, "missing_lines": [38, 39, 40, 41, 43, 45, 50, 51, 53, 54, 55, 57, 65, 67, 73, 74, 75, 77, 82, 84, 85, 87, 89, 90, 91, 93, 94, 95, 96, 97, 98, 100, 101, 105], "excluded_lines": [], "functions": {"init_database": {"executed_lines": [], "summary": {"covered_lines": 0, "num_statements": 33, "percent_covered": 0.0, "percent_covered_display": "0", "missing_lines": 33, "excluded_lines": 0, "percent_statements_covered": 0.0, "percent_statements_covered_display": "0"}, "missing_lines": [38, 39, 40, 41, 43, 45, 50, 51, 53, 54, 55, 57, 65, 67, 73, 74, 75, 77, 82, 84, 85, 87, 89, 90, 91, 93, 94, 95, 96, 97, 98, 100, 101], "excluded_lines": []}, "": {"executed_lines": [3, 4, 5, 8, 9, 10, 11, 12, 15, 21, 30, 104], "summary": {"covered_lines": 12, "num_statements": 13, "percent_covered": 92.3076923076923, "percent_covered_display": "92", "missing_lines": 1, "excluded_lines": 0, "percent_statements_covered": 92.3076923076923, "percent_statements_covered_display": "92"}, "missing_lines": [105], "excluded_lines": []}}, "classes": {"": {"executed_lines": [3, 4, 5, 8, 9, 10, 11, 12, 15, 21, 30, 104], "summary": {"covered_lines": 12, "num_statements": 46, "percent_covered": 26.08695652173913, "percent_covered_display": "26", "missing_lines": 34, "excluded_lines": 0, "percent_statements_covered": 26.08695652173913, "percent_statements_covered_display": "26"}, "missing_lines": [38, 39, 40, 41, 43, 45, 50, 51, 53, 54, 55, 57, 65, 67, 73, 74, 75, 77, 82, 84, 85, 87, 89, 90, 91, 93, 94, 95, 96, 97, 98, 100, 101, 105], "excluded_lines": []}}}, "database\\schemas\\hourly_measurements_schema.py": {"executed_lines": [3], "summary": {"covered_lines": 1, "num_statements": 1, "percent_covered": 100.0, "percent_covered_display": "100", "missing_lines": 0, "excluded_lines": 0, "percent_statements_covered": 100.0, "percent_statements_covered_display": "100"}, "missing_lines": [], "excluded_lines": [], "functions": {"": {"executed_lines": [3], "summary": {"covered_lines": 1, "num_statements": 1, "percent_covered": 100.0, "percent_covered_display": "100", "missing_lines": 0, "excluded_lines": 0, "percent_statements_covered": 100.0, "percent_statements_covered_display": "100"}, "missing_lines": [], "excluded_lines": []}}, "classes": {"": {"executed_lines": [3], "summary": {"covered_lines": 1, "num_statements": 1, "percent_covered": 100.0, "percent_covered_display": "100", "missing_lines": 0, "excluded_lines": 0, "percent_statements_covered": 100.0, "percent_statements_covered_display": "100"}, "missing_lines": [], "excluded_lines": []}}}, "database\\schemas\\hourly_staging_schema.py": {"executed_lines": [3], "summary": {"covered_lines": 1, "num_statements": 1, "percent_covered": 100.0, "percent_covered_display": "100", "missing_lines": 0, "excluded_lines": 0, "percent_statements_covered": 100.0, "percent_statements_covered_display": "100"}, "missing_lines": [], "excluded_lines": [], "functions": {"": {"executed_lines": [3], "summary": {"covered_lines": 1, "num_statements": 1, "percent_covered": 100.0, "percent_covered_display": "100", "missing_lines": 0, "excluded_lines": 0, "percent_statements_covered": 100.0, "percent_statements_covered_display": "100"}, "missing_lines": [], "excluded_lines": []}}, "classes": {"": {"executed_lines": [3], "summary": {"covered_lines": 1, "num_statements": 1, "percent_covered": 100.0, "percent_covered_display": "100", "missing_lines": 0, "excluded_lines": 0, "percent_statements_covered": 100.0, "percent_statements_covered_display": "100"}, "missing_lines": [], "excluded_lines": []}}}, "database\\schemas\\ingestion_tracker_schema.py": {"executed_lines": [3], "summary": {"covered_lines": 1, "num_statements": 1, "percent_covered": 100.0, "percent_covered_display": "100", "missing_lines": 0, "excluded_lines": 0, "percent_statements_covered": 100.0, "percent_statements_covered_display": "100"}, "missing_lines": [], "excluded_lines": [], "functions": {"": {"executed_lines": [3], "summary": {"covered_lines": 1, "num_statements": 1, "percent_covered": 100.0, "percent_covered_display": "100", "missing_lines": 0, "excluded_lines": 0, "percent_statements_covered": 100.0, "percent_statements_covered_display": "100"}, "missing_lines": [], "excluded_lines": []}}, "classes": {"": {"executed_lines": [3], "summary": {"covered_lines": 1, "num_statements": 1, "percent_covered": 100.0, "percent_covered_display": "100", "missing_lines": 0, "excluded_lines": 0, "percent_statements_covered": 100.0, "percent_statements_covered_display": "100"}, "missing_lines": [], "excluded_lines": []}}}, "database\\schemas\\metadata_schema.py": {"executed_lines": [3], "summary": {"covered_lines": 1, "num_statements": 1, "percent_covered": 100.0, "percent_covered_display": "100", "missing_lines": 0, "excluded_lines": 0, "percent_statements_covered": 100.0, "percent_statements_covered_display": "100"}, "missing_lines": [], "excluded_lines": [], "functions": {"": {"executed_lines": [3], "summary": {"covered_lines": 1, "num_statements": 1, "percent_covered": 100.0, "percent_covered_display": "100", "missing_lines": 0, "excluded_lines": 0, "percent_statements_covered": 100.0, "percent_statements_covered_display": "100"}, "missing_lines": [], "excluded_lines": []}}, "classes": {"": {"executed_lines": [3], "summary": {"covered_lines": 1, "num_statements": 1, "percent_covered": 100.0, "percent_covered_display": "100", "missing_lines": 0, "excluded_lines": 0, "percent_statements_covered": 100.0, "percent_statements_covered_display": "100"}, "missing_lines": [], "excluded_lines": []}}}, "database\\schemas\\stations_schema.py": {"executed_lines": [3], "summary": {"covered_lines": 1, "num_statements": 1, "percent_covered": 100.0, "percent_covered_display": "100", "missing_lines": 0, "excluded_lines": 0, "percent_statements_covered": 100.0, "percent_statements_covered_display": "100"}, "missing_lines": [], "excluded_lines": [], "functions": {"": {"executed_lines": [3], "summary": {"covered_lines": 1, "num_statements": 1, "percent_covered": 100.0, "percent_covered_display": "100", "missing_lines": 0, "excluded_lines": 0, "percent_statements_covered": 100.0, "percent_statements_covered_display": "100"}, "missing_lines": [], "excluded_lines": []}}, "classes": {"": {"executed_lines": [3], "summary": {"covered_lines": 1, "num_statements": 1, "percent_covered": 100.0, "percent_covered_display": "100", "missing_lines": 0, "excluded_lines": 0, "percent_statements_covered": 100.0, "percent_statements_covered_display": "100"}, "missing_lines": [], "excluded_lines": []}}}, "database\\stations_seed.py": {"executed_lines": [3], "summary": {"covered_lines": 1, "num_statements": 1, "percent_covered": 100.0, "percent_covered_display": "100", "missing_lines": 0, "excluded_lines": 0, "percent_statements_covered": 100.0, "percent_statements_covered_display": "100"}, "missing_lines": [], "excluded_lines": [], "functions": {"": {"executed_lines": [3], "summary": {"covered_lines": 1, "num_statements": 1, "percent_covered": 100.0, "percent_covered_display": "100", "missing_lines": 0, "excluded_lines": 0, "percent_statements_covered": 100.0, "percent_statements_covered_display": "100"}, "missing_lines": [], "excluded_lines": []}}, "classes": {"": {"executed_lines": [3], "summary": {"covered_lines": 1, "num_statements": 1, "percent_covered": 100.0, "percent_covered_display": "100", "missing_lines": 0, "excluded_lines": 0, "percent_statements_covered": 100.0, "percent_statements_covered_display": "100"}, "missing_lines": [], "excluded_lines": []}}}, "ingest\\__init__.py": {"executed_lines": [0], "summary": {"covered_lines": 0, "num_statements": 0, "percent_covered": 100.0, "percent_covered_display": "100", "missing_lines": 0, "excluded_lines": 0, "percent_statements_covered": 100.0, "percent_statements_covered_display": "100"}, "missing_lines": [], "excluded_lines": [], "functions": {"": {"executed_lines": [], "summary": {"covered_lines": 0, "num_statements": 0, "percent_covered": 100.0, "percent_covered_display": "100", "missing_lines": 0, "excluded_lines": 0, "percent_statements_covered": 100.0, "percent_statements_covered_display": "100"}, "missing_lines": [], "excluded_lines": []}}, "classes": {"": {"executed_lines": [], "summary": {"covered_lines": 0, "num_statements": 0, "percent_covered": 100.0, "percent_covered_display": "100", "missing_lines": 0, "excluded_lines": 0, "percent_statements_covered": 100.0, "percent_statements_covered_display": "100"}, "missing_lines": [], "excluded_lines": []}}}, "ingest\\ingestion_tracker.py": {"executed_lines": [1, 2, 3, 5, 6, 8, 12, 15, 16, 20, 21, 22, 26, 27, 32, 33, 34, 35, 36, 41, 42, 43, 48, 49, 50, 51, 52, 57, 59, 67, 73, 74, 79, 80, 85, 92, 99, 101, 107, 108, 113, 115, 122, 124, 130, 131, 136, 137, 138, 143, 144, 145, 146], "summary": {"covered_lines": 52, "num_statements": 52, "percent_covered": 100.0, "percent_covered_display": "100", "missing_lines": 0, "excluded_lines": 0, "percent_statements_covered": 100.0, "percent_statements_covered_display": "100"}, "missing_lines": [], "excluded_lines": [], "functions": {"IngestionTracker.__init__": {"executed_lines": [21, 22, 26, 27], "summary": {"covered_lines": 4, "num_statements": 4, "percent_covered": 100.0, "percent_covered_display": "100", "missing_lines": 0, "excluded_lines": 0, "percent_statements_covered": 100.0, "percent_statements_covered_display": "100"}, "missing_lines": [], "excluded_lines": []}, "IngestionTracker.list_known_files": {"executed_lines": [33, 34, 35, 36], "summary": {"covered_lines": 4, "num_statements": 4, "percent_covered": 100.0, "percent_covered_display": "100", "missing_lines": 0, "excluded_lines": 0, "percent_statements_covered": 100.0, "percent_statements_covered_display": "100"}, "missing_lines": [], "excluded_lines": []}, "IngestionTracker.get_file_hash": {"executed_lines": [42, 43], "summary": {"covered_lines": 2, "num_statements": 2, "percent_covered": 100.0, "percent_covered_display": "100", "missing_lines": 0, "excluded_lines": 0, "percent_statements_covered": 100.0, "percent_statements_covered_display": "100"}, "missing_lines": [], "excluded_lines": []}, "IngestionTracker.was_successful": {"executed_lines": [49, 50, 51, 52], "summary": {"covered_lines": 4, "num_statements": 4, "percent_covered": 100.0, "percent_covered_display": "100", "missing_lines": 0, "excluded_lines": 0, "percent_statements_covered": 100.0, "percent_statements_covered_display": "100"}, "missing_lines": [], "excluded_lines": []}, "IngestionTracker.start_ingestion": {"executed_lines": [59, 67, 73, 74], "summary": {"covered_lines": 4, "num_statements": 4, "percent_covered": 100.0, "percent_covered_display": "100", "missing_lines": 0, "excluded_lines": 0, "percent_statements_covered": 100.0, "percent_statements_covered_display": "100"}, "missing_lines": [], "excluded_lines": []}, "IngestionTracker._safe_payload": {"executed_lines": [80], "summary": {"covered_lines": 1, "num_statements": 1, "percent_covered": 100.0, "percent_covered_display": "100", "missing_lines": 0, "excluded_lines": 0, "percent_statements_covered": 100.0, "percent_statements_covered_display": "100"}, "missing_lines": [], "excluded_lines": []}, "IngestionTracker.mark_success": {"executed_lines": [92, 99, 101, 107, 108], "summary": {"covered_lines": 5, "num_statements": 5, "percent_covered": 100.0, "percent_covered_display": "100", "missing_lines": 0, "excluded_lines": 0, "percent_statements_covered": 100.0, "percent_statements_covered_display": "100"}, "missing_lines": [], "excluded_lines": []}, "IngestionTracker.mark_failure": {"executed_lines": [115, 122, 124, 130, 131], "summary": {"covered_lines": 5, "num_statements": 5, "percent_covered": 100.0, "percent_covered_display": "100", "missing_lines": 0, "excluded_lines": 0, "percent_statements_covered": 100.0, "percent_statements_covered_display": "100"}, "missing_lines": [], "excluded_lines": []}, "IngestionTracker.reset_file": {"executed_lines": [137, 138], "summary": {"covered_lines": 2, "num_statements": 2, "percent_covered": 100.0, "percent_covered_display": "100", "missing_lines": 0, "excluded_lines": 0, "percent_statements_covered": 100.0, "percent_statements_covered_display": "100"}, "missing_lines": [], "excluded_lines": []}, "IngestionTracker.get_pending_or_failed": {"executed_lines": [144, 145, 146], "summary": {"covered_lines": 3, "num_statements": 3, "percent_covered": 100.0, "percent_covered_display": "100", "missing_lines": 0, "excluded_lines": 0, "percent_statements_covered": 100.0, "percent_statements_covered_display": "100"}, "missing_lines": [], "excluded_lines": []}, "": {"executed_lines": [1, 2, 3, 5, 6, 8, 12, 15, 16, 20, 32, 41, 48, 57, 79, 85, 113, 136, 143], "summary": {"covered_lines": 18, "num_statements": 18, "percent_covered": 100.0, "percent_covered_display": "100", "missing_lines": 0, "excluded_lines": 0, "percent_statements_covered": 100.0, "percent_statements_covered_display": "100"}, "missing_lines": [], "excluded_lines": []}}, "classes": {"IngestionTracker": {"executed_lines": [21, 22, 26, 27, 33, 34, 35, 36, 42, 43, 49, 50, 51, 52, 59, 67, 73, 74, 80, 92, 99, 101, 107, 108, 115, 122, 124, 130, 131, 137, 138, 144, 145, 146], "summary": {"covered_lines": 34, "num_statements": 34, "percent_covered": 100.0, "percent_covered_display": "100", "missing_lines": 0, "excluded_lines": 0, "percent_statements_covered": 100.0, "percent_statements_covered_display": "100"}, "missing_lines": [], "excluded_lines": []}, "": {"executed_lines": [1, 2, 3, 5, 6, 8, 12, 15, 16, 20, 32, 41, 48, 57, 79, 85, 113, 136, 143], "summary": {"covered_lines": 18, "num_statements": 18, "percent_covered": 100.0, "percent_covered_display": "100", "missing_lines": 0, "excluded_lines": 0, "percent_statements_covered": 100.0, "percent_statements_covered_display": "100"}, "missing_lines": [], "excluded_lines": []}}}, "ingest\\s3_client.py": {"executed_lines": [1, 2, 3, 4, 5, 6, 7, 8, 9, 12, 13, 18, 21, 23, 24, 26, 27, 28, 31, 32, 33, 36, 37, 40, 45, 50, 54, 55, 57, 59, 64, 65, 66, 67, 92, 94, 95, 96, 98, 99, 100, 101, 102, 104, 105, 107, 108, 109, 112, 114, 116, 117, 118, 120, 121, 123, 125, 126, 127, 133, 161, 175], "summary": {"covered_lines": 61, "num_statements": 107, "percent_covered": 57.00934579439252, "percent_covered_display": "57", "missing_lines": 46, "excluded_lines": 0, "percent_statements_covered": 57.00934579439252, "percent_statements_covered_display": "57"}, "missing_lines": [34, 75, 76, 77, 78, 80, 81, 82, 84, 85, 87, 88, 89, 122, 140, 142, 144, 145, 146, 149, 150, 152, 153, 155, 157, 158, 159, 166, 167, 168, 169, 170, 171, 172, 173, 180, 182, 184, 185, 186, 188, 189, 191, 193, 194, 195], "excluded_lines": [], "functions": {"S3Client.__init__": {"executed_lines": [21, 23, 24, 26, 27, 28], "summary": {"covered_lines": 6, "num_statements": 6, "percent_covered": 100.0, "percent_covered_display": "100", "missing_lines": 0, "excluded_lines": 0, "percent_statements_covered": 100.0, "percent_statements_covered_display": "100"}, "missing_lines": [], "excluded_lines": []}, "S3Client._load_config": {"executed_lines": [32, 33, 36, 37], "summary": {"covered_lines": 4, "num_statements": 5, "percent_covered": 80.0, "percent_covered_display": "80", "missing_lines": 1, "excluded_lines": 0, "percent_statements_covered": 80.0, "percent_statements_covered_display": "80"}, "missing_lines": [34], "excluded_lines": []}, "S3Client._create_client": {"executed_lines": [45, 50, 54, 55, 57, 59, 64, 65, 66, 67], "summary": {"covered_lines": 10, "num_statements": 22, "percent_covered": 45.45454545454545, "percent_covered_display": "45", "missing_lines": 12, "excluded_lines": 0, "percent_statements_covered": 45.45454545454545, "percent_statements_covered_display": "45"}, "missing_lines": [75, 76, 77, 78, 80, 81, 82, 84, 85, 87, 88, 89], "excluded_lines": []}, "S3Client.list_jsonl_files": {"executed_lines": [94, 95, 96, 98, 99, 100, 101, 102, 104, 105, 107, 108, 109], "summary": {"covered_lines": 13, "num_statements": 13, "percent_covered": 100.0, "percent_covered_display": "100", "missing_lines": 0, "excluded_lines": 0, "percent_statements_covered": 100.0, "percent_statements_covered_display": "100"}, "missing_lines": [], "excluded_lines": []}, "S3Client.stream_jsonl_lines": {"executed_lines": [114, 116, 117, 118, 120, 121, 123, 125, 126, 127], "summary": {"covered_lines": 10, "num_statements": 11, "percent_covered": 90.9090909090909, "percent_covered_display": "91", "missing_lines": 1, "excluded_lines": 0, "percent_statements_covered": 90.9090909090909, "percent_statements_covered_display": "91"}, "missing_lines": [122], "excluded_lines": []}, "S3Client.compute_file_hash": {"executed_lines": [], "summary": {"covered_lines": 0, "num_statements": 13, "percent_covered": 0.0, "percent_covered_display": "0", "missing_lines": 13, "excluded_lines": 0, "percent_statements_covered": 0.0, "percent_statements_covered_display": "0"}, "missing_lines": [140, 142, 144, 145, 146, 149, 150, 152, 153, 155, 157, 158, 159], "excluded_lines": []}, "S3Client.get_file_etag": {"executed_lines": [], "summary": {"covered_lines": 0, "num_statements": 8, "percent_covered": 0.0, "percent_covered_display": "0", "missing_lines": 8, "excluded_lines": 0, "percent_statements_covered": 0.0, "percent_statements_covered_display": "0"}, "missing_lines": [166, 167, 168, 169, 170, 171, 172, 173], "excluded_lines": []}, "S3Client.get_md5_from_stream": {"executed_lines": [], "summary": {"covered_lines": 0, "num_statements": 11, "percent_covered": 0.0, "percent_covered_display": "0", "missing_lines": 11, "excluded_lines": 0, "percent_statements_covered": 0.0, "percent_statements_covered_display": "0"}, "missing_lines": [180, 182, 184, 185, 186, 188, 189, 191, 193, 194, 195], "excluded_lines": []}, "": {"executed_lines": [1, 2, 3, 4, 5, 6, 7, 8, 9, 12, 13, 18, 31, 40, 92, 112, 133, 161, 175], "summary": {"covered_lines": 18, "num_statements": 18, "percent_covered": 100.0, "percent_covered_display": "100", "missing_lines": 0, "excluded_lines": 0, "percent_statements_covered": 100.0, "percent_statements_covered_display": "100"}, "missing_lines": [], "excluded_lines": []}}, "classes": {"S3Client": {"executed_lines": [21, 23, 24, 26, 27, 28, 32, 33, 36, 37, 45, 50, 54, 55, 57, 59, 64, 65, 66, 67, 94, 95, 96, 98, 99, 100, 101, 102, 104, 105, 107, 108, 109, 114, 116, 117, 118, 120, 121, 123, 125, 126, 127], "summary": {"covered_lines": 43, "num_statements": 89, "percent_covered": 48.31460674157304, "percent_covered_display": "48", "missing_lines": 46, "excluded_lines": 0, "percent_statements_covered": 48.31460674157304, "percent_statements_covered_display": "48"}, "missing_lines": [34, 75, 76, 77, 78, 80, 81, 82, 84, 85, 87, 88, 89, 122, 140, 142, 144, 145, 146, 149, 150, 152, 153, 155, 157, 158, 159, 166, 167, 168, 169, 170, 171, 172, 173, 180, 182, 184, 185, 186, 188, 189, 191, 193, 194, 195], "excluded_lines": []}, "": {"executed_lines": [1, 2, 3, 4, 5, 6, 7, 8, 9, 12, 13, 18, 31, 40, 92, 112, 133, 161, 175], "summary": {"covered_lines": 18, "num_statements": 18, "percent_covered": 100.0, "percent_covered_display": "100", "missing_lines": 0, "excluded_lines": 0, "percent_statements_covered": 100.0, "percent_statements_covered_display": "100"}, "missing_lines": [], "excluded_lines": []}}}, "ingest\\s3_reader.py": {"executed_lines": [3, 4, 5, 6, 9, 10, 18, 19, 22, 26, 28, 29, 31, 32, 34, 35, 38, 39, 46, 47, 49, 50, 51, 52, 54, 57, 61, 63, 83, 96, 98, 124, 129, 130, 132, 133, 134, 135, 136, 137, 139, 143, 145, 147, 149, 150, 152, 157, 158, 160, 166, 167, 170], "summary": {"covered_lines": 52, "num_statements": 61, "percent_covered": 85.24590163934427, "percent_covered_display": "85", "missing_lines": 9, "excluded_lines": 1, "percent_statements_covered": 85.24590163934427, "percent_statements_covered_display": "85"}, "missing_lines": [140, 141, 153, 154, 159, 161, 164, 168, 174], "excluded_lines": [84], "functions": {"S3JSONLReader.__init__": {"executed_lines": [19], "summary": {"covered_lines": 1, "num_statements": 1, "percent_covered": 100.0, "percent_covered_display": "100", "missing_lines": 0, "excluded_lines": 0, "percent_statements_covered": 100.0, "percent_statements_covered_display": "100"}, "missing_lines": [], "excluded_lines": []}, "S3JSONLReader.detect_source": {"executed_lines": [26, 28, 29, 31, 32, 34, 35], "summary": {"covered_lines": 7, "num_statements": 7, "percent_covered": 100.0, "percent_covered_display": "100", "missing_lines": 0, "excluded_lines": 0, "percent_statements_covered": 100.0, "percent_statements_covered_display": "100"}, "missing_lines": [], "excluded_lines": []}, "S3JSONLReader.clean_value": {"executed_lines": [46, 47, 49, 50, 51, 52, 54], "summary": {"covered_lines": 7, "num_statements": 7, "percent_covered": 100.0, "percent_covered_display": "100", "missing_lines": 0, "excluded_lines": 0, "percent_statements_covered": 100.0, "percent_statements_covered_display": "100"}, "missing_lines": [], "excluded_lines": []}, "S3JSONLReader.parse_wunderground": {"executed_lines": [61, 63], "summary": {"covered_lines": 2, "num_statements": 2, "percent_covered": 100.0, "percent_covered_display": "100", "missing_lines": 0, "excluded_lines": 0, "percent_statements_covered": 100.0, "percent_statements_covered_display": "100"}, "missing_lines": [], "excluded_lines": []}, "S3JSONLReader.parse_infoclimat": {"executed_lines": [96, 98], "summary": {"covered_lines": 2, "num_statements": 2, "percent_covered": 100.0, "percent_covered_display": "100", "missing_lines": 0, "excluded_lines": 1, "percent_statements_covered": 100.0, "percent_statements_covered_display": "100"}, "missing_lines": [], "excluded_lines": [84]}, "S3JSONLReader.iter_records": {"executed_lines": [129, 130, 132, 133, 134, 135, 136, 137, 139, 143, 145, 147, 149, 150, 152, 157, 158, 160, 166, 167, 170], "summary": {"covered_lines": 21, "num_statements": 30, "percent_covered": 70.0, "percent_covered_display": "70", "missing_lines": 9, "excluded_lines": 0, "percent_statements_covered": 70.0, "percent_statements_covered_display": "70"}, "missing_lines": [140, 141, 153, 154, 159, 161, 164, 168, 174], "excluded_lines": []}, "": {"executed_lines": [3, 4, 5, 6, 9, 10, 18, 22, 38, 39, 57, 83, 124], "summary": {"covered_lines": 12, "num_statements": 12, "percent_covered": 100.0, "percent_covered_display": "100", "missing_lines": 0, "excluded_lines": 0, "percent_statements_covered": 100.0, "percent_statements_covered_display": "100"}, "missing_lines": [], "excluded_lines": []}}, "classes": {"S3JSONLReader": {"executed_lines": [19, 26, 28, 29, 31, 32, 34, 35, 46, 47, 49, 50, 51, 52, 54, 61, 63, 96, 98, 129, 130, 132, 133, 134, 135, 136, 137, 139, 143, 145, 147, 149, 150, 152, 157, 158, 160, 166, 167, 170], "summary": {"covered_lines": 40, "num_statements": 49, "percent_covered": 81.63265306122449, "percent_covered_display": "82", "missing_lines": 9, "excluded_lines": 1, "percent_statements_covered": 81.63265306122449, "percent_statements_covered_display": "82"}, "missing_lines": [140, 141, 153, 154, 159, 161, 164, 168, 174], "excluded_lines": [84]}, "": {"executed_lines": [3, 4, 5, 6, 9, 10, 18, 22, 38, 39, 57, 83, 124], "summary": {"covered_lines": 12, "num_statements": 12, "percent_covered": 100.0, "percent_covered_display": "100", "missing_lines": 0, "excluded_lines": 0, "percent_statements_covered": 100.0, "percent_statements_covered_display": "100"}, "missing_lines": [], "excluded_lines": []}}}, "loaders\\__init__.py": {"executed_lines": [0], "summary": {"covered_lines": 0, "num_statements": 0, "percent_covered": 100.0, "percent_covered_display": "100", "missing_lines": 0, "excluded_lines": 0, "percent_statements_covered": 100.0, "percent_statements_covered_display": "100"}, "missing_lines": [], "excluded_lines": [], "functions": {"": {"executed_lines": [], "summary": {"covered_lines": 0, "num_statements": 0, "percent_covered": 100.0, "percent_covered_display": "100", "missing_lines": 0, "excluded_lines": 0, "percent_statements_covered": 100.0, "percent_statements_covered_display": "100"}, "missing_lines": [], "excluded_lines": []}}, "classes": {"": {"executed_lines": [], "summary": {"covered_lines": 0, "num_statements": 0, "percent_covered": 100.0, "percent_covered_display": "100", "missing_lines": 0, "excluded_lines": 0, "percent_statements_covered": 100.0, "percent_statements_covered_display": "100"}, "missing_lines": [], "excluded_lines": []}}}, "loaders\\load_metadata.py": {"executed_lines": [3, 4, 5, 7, 8, 9, 10, 11, 17, 22, 25, 26, 28, 31, 32, 34, 35, 36, 39, 40, 41, 43, 50, 57, 60, 63, 65, 67, 68, 69, 72, 73, 74, 75, 76, 78, 79, 80, 82, 87, 93, 138], "summary": {"covered_lines": 42, "num_statements": 67, "percent_covered": 62.6865671641791, "percent_covered_display": "63", "missing_lines": 25, "excluded_lines": 0, "percent_statements_covered": 62.6865671641791, "percent_statements_covered_display": "63"}, "missing_lines": [29, 99, 100, 103, 104, 105, 108, 109, 112, 113, 115, 116, 117, 118, 121, 122, 124, 125, 126, 128, 129, 130, 132, 133, 139], "excluded_lines": [], "functions": {"extract_metadata_from_file": {"executed_lines": [22, 25, 26, 28, 31, 32, 34, 35, 36, 39, 40, 41, 43], "summary": {"covered_lines": 13, "num_statements": 14, "percent_covered": 92.85714285714286, "percent_covered_display": "93", "missing_lines": 1, "excluded_lines": 0, "percent_statements_covered": 92.85714285714286, "percent_statements_covered_display": "93"}, "missing_lines": [29], "excluded_lines": []}, "upsert_metadata": {"executed_lines": [57, 60, 63, 65, 67, 68, 69, 72, 73, 74, 75, 76, 78, 79, 80, 82, 87], "summary": {"covered_lines": 17, "num_statements": 17, "percent_covered": 100.0, "percent_covered_display": "100", "missing_lines": 0, "excluded_lines": 0, "percent_statements_covered": 100.0, "percent_statements_covered_display": "100"}, "missing_lines": [], "excluded_lines": []}, "load_all_metadata": {"executed_lines": [], "summary": {"covered_lines": 0, "num_statements": 23, "percent_covered": 0.0, "percent_covered_display": "0", "missing_lines": 23, "excluded_lines": 0, "percent_statements_covered": 0.0, "percent_statements_covered_display": "0"}, "missing_lines": [99, 100, 103, 104, 105, 108, 109, 112, 113, 115, 116, 117, 118, 121, 122, 124, 125, 126, 128, 129, 130, 132, 133], "excluded_lines": []}, "": {"executed_lines": [3, 4, 5, 7, 8, 9, 10, 11, 17, 50, 93, 138], "summary": {"covered_lines": 12, "num_statements": 13, "percent_covered": 92.3076923076923, "percent_covered_display": "92", "missing_lines": 1, "excluded_lines": 0, "percent_statements_covered": 92.3076923076923, "percent_statements_covered_display": "92"}, "missing_lines": [139], "excluded_lines": []}}, "classes": {"": {"executed_lines": [3, 4, 5, 7, 8, 9, 10, 11, 17, 22, 25, 26, 28, 31, 32, 34, 35, 36, 39, 40, 41, 43, 50, 57, 60, 63, 65, 67, 68, 69, 72, 73, 74, 75, 76, 78, 79, 80, 82, 87, 93, 138], "summary": {"covered_lines": 42, "num_statements": 67, "percent_covered": 62.6865671641791, "percent_covered_display": "63", "missing_lines": 25, "excluded_lines": 0, "percent_statements_covered": 62.6865671641791, "percent_statements_covered_display": "63"}, "missing_lines": [29, 99, 100, 103, 104, 105, 108, 109, 112, 113, 115, 116, 117, 118, 121, 122, 124, 125, 126, 128, 129, 130, 132, 133, 139], "excluded_lines": []}}}, "loaders\\load_staging.py": {"executed_lines": [1, 2, 4, 5, 6, 7, 8, 9, 15, 16, 17, 19, 20, 22, 23, 26, 28, 29, 30, 32, 33, 34, 40, 46, 48, 50, 52, 54, 55, 57, 58, 59, 62, 63, 65, 66, 71, 73, 74, 77, 78, 79, 82, 84, 90, 92, 93, 94, 95, 101, 146], "summary": {"covered_lines": 51, "num_statements": 80, "percent_covered": 63.75, "percent_covered_display": "64", "missing_lines": 29, "excluded_lines": 0, "percent_statements_covered": 63.75, "percent_statements_covered_display": "64"}, "missing_lines": [103, 104, 106, 107, 108, 110, 111, 112, 114, 115, 117, 119, 121, 122, 123, 124, 125, 127, 128, 130, 131, 133, 134, 137, 138, 140, 142, 143, 147], "excluded_lines": [], "functions": {"resolve_station_id": {"executed_lines": [16, 17, 19, 20, 22, 23, 26, 28, 29, 30, 32, 33, 34], "summary": {"covered_lines": 13, "num_statements": 13, "percent_covered": 100.0, "percent_covered_display": "100", "missing_lines": 0, "excluded_lines": 0, "percent_statements_covered": 100.0, "percent_statements_covered_display": "100"}, "missing_lines": [], "excluded_lines": []}, "ingest_file_to_staging": {"executed_lines": [46, 48, 50, 52, 54, 55, 57, 58, 59, 62, 63, 65, 66, 71, 73, 74, 77, 78, 79, 82, 84, 90, 92, 93, 94, 95], "summary": {"covered_lines": 26, "num_statements": 26, "percent_covered": 100.0, "percent_covered_display": "100", "missing_lines": 0, "excluded_lines": 0, "percent_statements_covered": 100.0, "percent_statements_covered_display": "100"}, "missing_lines": [], "excluded_lines": []}, "ingest_all_staging": {"executed_lines": [], "summary": {"covered_lines": 0, "num_statements": 28, "percent_covered": 0.0, "percent_covered_display": "0", "missing_lines": 28, "excluded_lines": 0, "percent_statements_covered": 0.0, "percent_statements_covered_display": "0"}, "missing_lines": [103, 104, 106, 107, 108, 110, 111, 112, 114, 115, 117, 119, 121, 122, 123, 124, 125, 127, 128, 130, 131, 133, 134, 137, 138, 140, 142, 143], "excluded_lines": []}, "": {"executed_lines": [1, 2, 4, 5, 6, 7, 8, 9, 15, 40, 101, 146], "summary": {"covered_lines": 12, "num_statements": 13, "percent_covered": 92.3076923076923, "percent_covered_display": "92", "missing_lines": 1, "excluded_lines": 0, "percent_statements_covered": 92.3076923076923, "percent_statements_covered_display": "92"}, "missing_lines": [147], "excluded_lines": []}}, "classes": {"": {"executed_lines": [1, 2, 4, 5, 6, 7, 8, 9, 15, 16, 17, 19, 20, 22, 23, 26, 28, 29, 30, 32, 33, 34, 40, 46, 48, 50, 52, 54, 55, 57, 58, 59, 62, 63, 65, 66, 71, 73, 74, 77, 78, 79, 82, 84, 90, 92, 93, 94, 95, 101, 146], "summary": {"covered_lines": 51, "num_statements": 80, "percent_covered": 63.75, "percent_covered_display": "64", "missing_lines": 29, "excluded_lines": 0, "percent_statements_covered": 63.75, "percent_statements_covered_display": "64"}, "missing_lines": [103, 104, 106, 107, 108, 110, 111, 112, 114, 115, 117, 119, 121, 122, 123, 124, 125, 127, 128, 130, 131, 133, 134, 137, 138, 140, 142, 143, 147], "excluded_lines": []}}}, "loaders\\load_stations.py": {"executed_lines": [3, 4, 5, 7, 8, 9, 10, 12, 18, 24, 26, 27, 28, 29, 31, 32, 34, 40, 46, 47, 48, 49, 50, 52, 54, 56, 57, 58, 59, 61, 62, 63, 71, 114], "summary": {"covered_lines": 34, "num_statements": 56, "percent_covered": 60.714285714285715, "percent_covered_display": "61", "missing_lines": 22, "excluded_lines": 0, "percent_statements_covered": 60.714285714285715, "percent_statements_covered_display": "61"}, "missing_lines": [65, 78, 79, 82, 83, 84, 87, 88, 89, 92, 93, 95, 96, 98, 101, 102, 104, 106, 107, 109, 110, 115], "excluded_lines": [], "functions": {"extract_stations_from_file": {"executed_lines": [24, 26, 27, 28, 29, 31, 32, 34], "summary": {"covered_lines": 8, "num_statements": 8, "percent_covered": 100.0, "percent_covered_display": "100", "missing_lines": 0, "excluded_lines": 0, "percent_statements_covered": 100.0, "percent_statements_covered_display": "100"}, "missing_lines": [], "excluded_lines": []}, "upsert_station": {"executed_lines": [46, 47, 48, 49, 50, 52, 54, 56, 57, 58, 59, 61, 62, 63], "summary": {"covered_lines": 14, "num_statements": 15, "percent_covered": 93.33333333333333, "percent_covered_display": "93", "missing_lines": 1, "excluded_lines": 0, "percent_statements_covered": 93.33333333333333, "percent_statements_covered_display": "93"}, "missing_lines": [65], "excluded_lines": []}, "load_all_stations": {"executed_lines": [], "summary": {"covered_lines": 0, "num_statements": 20, "percent_covered": 0.0, "percent_covered_display": "0", "missing_lines": 20, "excluded_lines": 0, "percent_statements_covered": 0.0, "percent_statements_covered_display": "0"}, "missing_lines": [78, 79, 82, 83, 84, 87, 88, 89, 92, 93, 95, 96, 98, 101, 102, 104, 106, 107, 109, 110], "excluded_lines": []}, "": {"executed_lines": [3, 4, 5, 7, 8, 9, 10, 12, 18, 40, 71, 114], "summary": {"covered_lines": 12, "num_statements": 13, "percent_covered": 92.3076923076923, "percent_covered_display": "92", "missing_lines": 1, "excluded_lines": 0, "percent_statements_covered": 92.3076923076923, "percent_statements_covered_display": "92"}, "missing_lines": [115], "excluded_lines": []}}, "classes": {"": {"executed_lines": [3, 4, 5, 7, 8, 9, 10, 12, 18, 24, 26, 27, 28, 29, 31, 32, 34, 40, 46, 47, 48, 49, 50, 52, 54, 56, 57, 58, 59, 61, 62, 63, 71, 114], "summary": {"covered_lines": 34, "num_statements": 56, "percent_covered": 60.714285714285715, "percent_covered_display": "61", "missing_lines": 22, "excluded_lines": 0, "percent_statements_covered": 60.714285714285715, "percent_statements_covered_display": "61"}, "missing_lines": [65, 78, 79, 82, 83, 84, 87, 88, 89, 92, 93, 95, 96, 98, 101, 102, 104, 106, 107, 109, 110, 115], "excluded_lines": []}}}, "main.py": {"executed_lines": [1, 2, 3, 4, 5, 6, 7, 13, 14, 16, 17, 18, 20, 22, 24, 25, 26, 27, 28, 29, 36, 43, 47, 48, 49, 50, 51, 54, 56, 57, 58, 60, 67, 68, 73, 74, 85, 109, 110, 111, 112, 113, 115, 124, 139, 141, 146, 148, 149, 156, 157, 158, 159, 160, 172, 173, 174, 175, 176, 177, 179, 180, 182, 184, 191, 193, 196, 197, 198, 200, 201, 202, 203, 205, 206, 207, 208, 209, 212, 215], "summary": {"covered_lines": 80, "num_statements": 108, "percent_covered": 74.07407407407408, "percent_covered_display": "74", "missing_lines": 28, "excluded_lines": 0, "percent_statements_covered": 74.07407407407408, "percent_statements_covered_display": "74"}, "missing_lines": [52, 53, 86, 88, 89, 91, 92, 93, 95, 97, 99, 100, 101, 102, 103, 104, 106, 116, 117, 118, 119, 120, 121, 154, 163, 165, 185, 216], "excluded_lines": [], "functions": {"start_heartbeat_thread": {"executed_lines": [47, 56, 57, 58], "summary": {"covered_lines": 4, "num_statements": 4, "percent_covered": 100.0, "percent_covered_display": "100", "missing_lines": 0, "excluded_lines": 0, "percent_statements_covered": 100.0, "percent_statements_covered_display": "100"}, "missing_lines": [], "excluded_lines": []}, "start_heartbeat_thread.loop": {"executed_lines": [48, 49, 50, 51, 54], "summary": {"covered_lines": 5, "num_statements": 7, "percent_covered": 71.42857142857143, "percent_covered_display": "71", "missing_lines": 2, "excluded_lines": 0, "percent_statements_covered": 71.42857142857143, "percent_statements_covered_display": "71"}, "missing_lines": [52, 53], "excluded_lines": []}, "send_success": {"executed_lines": [68], "summary": {"covered_lines": 1, "num_statements": 1, "percent_covered": 100.0, "percent_covered_display": "100", "missing_lines": 0, "excluded_lines": 0, "percent_statements_covered": 100.0, "percent_statements_covered_display": "100"}, "missing_lines": [], "excluded_lines": []}, "send_failure": {"executed_lines": [74], "summary": {"covered_lines": 1, "num_statements": 1, "percent_covered": 100.0, "percent_covered_display": "100", "missing_lines": 0, "excluded_lines": 0, "percent_statements_covered": 100.0, "percent_statements_covered_display": "100"}, "missing_lines": [], "excluded_lines": []}, "task_pipeline_full": {"executed_lines": [], "summary": {"covered_lines": 0, "num_statements": 15, "percent_covered": 0.0, "percent_covered_display": "0", "missing_lines": 15, "excluded_lines": 0, "percent_statements_covered": 0.0, "percent_statements_covered_display": "0"}, "missing_lines": [86, 88, 89, 91, 92, 93, 95, 97, 99, 100, 101, 102, 103, 104, 106], "excluded_lines": []}, "task_load_all_stations": {"executed_lines": [109], "summary": {"covered_lines": 1, "num_statements": 1, "percent_covered": 100.0, "percent_covered_display": "100", "missing_lines": 0, "excluded_lines": 0, "percent_statements_covered": 100.0, "percent_statements_covered_display": "100"}, "missing_lines": [], "excluded_lines": []}, "task_load_all_metadata": {"executed_lines": [110], "summary": {"covered_lines": 1, "num_statements": 1, "percent_covered": 100.0, "percent_covered_display": "100", "missing_lines": 0, "excluded_lines": 0, "percent_statements_covered": 100.0, "percent_statements_covered_display": "100"}, "missing_lines": [], "excluded_lines": []}, "task_load_staging": {"executed_lines": [111], "summary": {"covered_lines": 1, "num_statements": 1, "percent_covered": 100.0, "percent_covered_display": "100", "missing_lines": 0, "excluded_lines": 0, "percent_statements_covered": 100.0, "percent_statements_covered_display": "100"}, "missing_lines": [], "excluded_lines": []}, "task_dq_staging": {"executed_lines": [112], "summary": {"covered_lines": 1, "num_statements": 1, "percent_covered": 100.0, "percent_covered_display": "100", "missing_lines": 0, "excluded_lines": 0, "percent_statements_covered": 100.0, "percent_statements_covered_display": "100"}, "missing_lines": [], "excluded_lines": []}, "task_transform": {"executed_lines": [113], "summary": {"covered_lines": 1, "num_statements": 1, "percent_covered": 100.0, "percent_covered_display": "100", "missing_lines": 0, "excluded_lines": 0, "percent_statements_covered": 100.0, "percent_statements_covered_display": "100"}, "missing_lines": [], "excluded_lines": []}, "task_final_tests": {"executed_lines": [], "summary": {"covered_lines": 0, "num_statements": 6, "percent_covered": 0.0, "percent_covered_display": "0", "missing_lines": 6, "excluded_lines": 0, "percent_statements_covered": 0.0, "percent_statements_covered_display": "0"}, "missing_lines": [116, 117, 118, 119, 120, 121], "excluded_lines": []}, "auto_mode": {"executed_lines": [146, 148, 149, 156, 157, 158, 159, 160], "summary": {"covered_lines": 8, "num_statements": 11, "percent_covered": 72.72727272727273, "percent_covered_display": "73", "missing_lines": 3, "excluded_lines": 0, "percent_statements_covered": 72.72727272727273, "percent_statements_covered_display": "73"}, "missing_lines": [154, 163, 165], "excluded_lines": []}, "main": {"executed_lines": [173, 174, 175, 176, 177, 179, 180, 182, 184, 191, 193, 196, 197, 198, 200, 201, 202, 203, 205, 206, 207, 208, 209, 212], "summary": {"covered_lines": 24, "num_statements": 25, "percent_covered": 96.0, "percent_covered_display": "96", "missing_lines": 1, "excluded_lines": 0, "percent_statements_covered": 96.0, "percent_statements_covered_display": "96"}, "missing_lines": [185], "excluded_lines": []}, "": {"executed_lines": [1, 2, 3, 4, 5, 6, 7, 13, 14, 16, 17, 18, 20, 22, 24, 25, 26, 27, 28, 29, 36, 43, 60, 67, 73, 85, 115, 124, 139, 141, 172, 215], "summary": {"covered_lines": 32, "num_statements": 33, "percent_covered": 96.96969696969697, "percent_covered_display": "97", "missing_lines": 1, "excluded_lines": 0, "percent_statements_covered": 96.96969696969697, "percent_statements_covered_display": "97"}, "missing_lines": [216], "excluded_lines": []}}, "classes": {"": {"executed_lines": [1, 2, 3, 4, 5, 6, 7, 13, 14, 16, 17, 18, 20, 22, 24, 25, 26, 27, 28, 29, 36, 43, 47, 48, 49, 50, 51, 54, 56, 57, 58, 60, 67, 68, 73, 74, 85, 109, 110, 111, 112, 113, 115, 124, 139, 141, 146, 148, 149, 156, 157, 158, 159, 160, 172, 173, 174, 175, 176, 177, 179, 180, 182, 184, 191, 193, 196, 197, 198, 200, 201, 202, 203, 205, 206, 207, 208, 209, 212, 215], "summary": {"covered_lines": 80, "num_statements": 108, "percent_covered": 74.07407407407408, "percent_covered_display": "74", "missing_lines": 28, "excluded_lines": 0, "percent_statements_covered": 74.07407407407408, "percent_statements_covered_display": "74"}, "missing_lines": [52, 53, 86, 88, 89, 91, 92, 93, 95, 97, 99, 100, 101, 102, 103, 104, 106, 116, 117, 118, 119, 120, 121, 154, 163, 165, 185, 216], "excluded_lines": []}}}, "models\\__init__.py": {"executed_lines": [0], "summary": {"covered_lines": 0, "num_statements": 0, "percent_covered": 100.0, "percent_covered_display": "100", "missing_lines": 0, "excluded_lines": 0, "percent_statements_covered": 100.0, "percent_statements_covered_display": "100"}, "missing_lines": [], "excluded_lines": [], "functions": {"": {"executed_lines": [], "summary": {"covered_lines": 0, "num_statements": 0, "percent_covered": 100.0, "percent_covered_display": "100", "missing_lines": 0, "excluded_lines": 0, "percent_statements_covered": 100.0, "percent_statements_covered_display": "100"}, "missing_lines": [], "excluded_lines": []}}, "classes": {"": {"executed_lines": [], "summary": {"covered_lines": 0, "num_statements": 0, "percent_covered": 100.0, "percent_covered_display": "100", "missing_lines": 0, "excluded_lines": 0, "percent_statements_covered": 100.0, "percent_statements_covered_display": "100"}, "missing_lines": [], "excluded_lines": []}}}, "models\\hourly_measurements_model.py": {"executed_lines": [2, 3, 4, 7, 8, 9, 10, 12, 13, 14, 15, 16, 18, 19, 20, 22, 23, 24, 25, 26, 28, 29, 31, 32], "summary": {"covered_lines": 24, "num_statements": 24, "percent_covered": 100.0, "percent_covered_display": "100", "missing_lines": 0, "excluded_lines": 0, "percent_statements_covered": 100.0, "percent_statements_covered_display": "100"}, "missing_lines": [], "excluded_lines": [], "functions": {"": {"executed_lines": [2, 3, 4, 7, 8, 9, 10, 12, 13, 14, 15, 16, 18, 19, 20, 22, 23, 24, 25, 26, 28, 29, 31, 32], "summary": {"covered_lines": 24, "num_statements": 24, "percent_covered": 100.0, "percent_covered_display": "100", "missing_lines": 0, "excluded_lines": 0, "percent_statements_covered": 100.0, "percent_statements_covered_display": "100"}, "missing_lines": [], "excluded_lines": []}}, "classes": {"HourlyMeasurementsModel": {"executed_lines": [], "summary": {"covered_lines": 0, "num_statements": 0, "percent_covered": 100.0, "percent_covered_display": "100", "missing_lines": 0, "excluded_lines": 0, "percent_statements_covered": 100.0, "percent_statements_covered_display": "100"}, "missing_lines": [], "excluded_lines": []}, "": {"executed_lines": [2, 3, 4, 7, 8, 9, 10, 12, 13, 14, 15, 16, 18, 19, 20, 22, 23, 24, 25, 26, 28, 29, 31, 32], "summary": {"covered_lines": 24, "num_statements": 24, "percent_covered": 100.0, "percent_covered_display": "100", "missing_lines": 0, "excluded_lines": 0, "percent_statements_covered": 100.0, "percent_statements_covered_display": "100"}, "missing_lines": [], "excluded_lines": []}}}, "models\\hourly_staging_model.py": {"executed_lines": [2, 3, 4, 7, 8, 9, 10, 12, 13, 15, 16, 17, 19, 20, 22, 23, 24, 26, 27, 28, 29, 30, 32, 33, 35, 36, 37, 39, 40, 41, 43, 45, 46], "summary": {"covered_lines": 33, "num_statements": 33, "percent_covered": 100.0, "percent_covered_display": "100", "missing_lines": 0, "excluded_lines": 0, "percent_statements_covered": 100.0, "percent_statements_covered_display": "100"}, "missing_lines": [], "excluded_lines": [], "functions": {"": {"executed_lines": [2, 3, 4, 7, 8, 9, 10, 12, 13, 15, 16, 17, 19, 20, 22, 23, 24, 26, 27, 28, 29, 30, 32, 33, 35, 36, 37, 39, 40, 41, 43, 45, 46], "summary": {"covered_lines": 33, "num_statements": 33, "percent_covered": 100.0, "percent_covered_display": "100", "missing_lines": 0, "excluded_lines": 0, "percent_statements_covered": 100.0, "percent_statements_covered_display": "100"}, "missing_lines": [], "excluded_lines": []}}, "classes": {"HourlyStagingModel": {"executed_lines": [], "summary": {"covered_lines": 0, "num_statements": 0, "percent_covered": 100.0, "percent_covered_display": "100", "missing_lines": 0, "excluded_lines": 0, "percent_statements_covered": 100.0, "percent_statements_covered_display": "100"}, "missing_lines": [], "excluded_lines": []}, "": {"executed_lines": [2, 3, 4, 7, 8, 9, 10, 12, 13, 15, 16, 17, 19, 20, 22, 23, 24, 26, 27, 28, 29, 30, 32, 33, 35, 36, 37, 39, 40, 41, 43, 45, 46], "summary": {"covered_lines": 33, "num_statements": 33, "percent_covered": 100.0, "percent_covered_display": "100", "missing_lines": 0, "excluded_lines": 0, "percent_statements_covered": 100.0, "percent_statements_covered_display": "100"}, "missing_lines": [], "excluded_lines": []}}}, "models\\ingestion_tracker_model.py": {"executed_lines": [2, 3, 4, 7, 8, 13, 15, 16, 18, 19, 21, 22, 24, 25, 28, 29, 33, 34, 35, 37, 38, 40, 41], "summary": {"covered_lines": 21, "num_statements": 21, "percent_covered": 100.0, "percent_covered_display": "100", "missing_lines": 0, "excluded_lines": 0, "percent_statements_covered": 100.0, "percent_statements_covered_display": "100"}, "missing_lines": [], "excluded_lines": [], "functions": {"": {"executed_lines": [2, 3, 4, 7, 8, 13, 15, 16, 18, 19, 21, 22, 24, 25, 28, 29, 33, 34, 35, 37, 38, 40, 41], "summary": {"covered_lines": 21, "num_statements": 21, "percent_covered": 100.0, "percent_covered_display": "100", "missing_lines": 0, "excluded_lines": 0, "percent_statements_covered": 100.0, "percent_statements_covered_display": "100"}, "missing_lines": [], "excluded_lines": []}}, "classes": {"IngestionTrackerModel": {"executed_lines": [], "summary": {"covered_lines": 0, "num_statements": 0, "percent_covered": 100.0, "percent_covered_display": "100", "missing_lines": 0, "excluded_lines": 0, "percent_statements_covered": 100.0, "percent_statements_covered_display": "100"}, "missing_lines": [], "excluded_lines": []}, "IngestionTrackerUpdate": {"executed_lines": [], "summary": {"covered_lines": 0, "num_statements": 0, "percent_covered": 100.0, "percent_covered_display": "100", "missing_lines": 0, "excluded_lines": 0, "percent_statements_covered": 100.0, "percent_statements_covered_display": "100"}, "missing_lines": [], "excluded_lines": []}, "": {"executed_lines": [2, 3, 4, 7, 8, 13, 15, 16, 18, 19, 21, 22, 24, 25, 28, 29, 33, 34, 35, 37, 38, 40, 41], "summary": {"covered_lines": 21, "num_statements": 21, "percent_covered": 100.0, "percent_covered_display": "100", "missing_lines": 0, "excluded_lines": 0, "percent_statements_covered": 100.0, "percent_statements_covered_display": "100"}, "missing_lines": [], "excluded_lines": []}}}, "models\\metadata_model.py": {"executed_lines": [2, 3, 6, 7, 9, 10, 11, 12, 13, 15, 16, 17, 19, 20, 21, 22, 23], "summary": {"covered_lines": 17, "num_statements": 17, "percent_covered": 100.0, "percent_covered_display": "100", "missing_lines": 0, "excluded_lines": 0, "percent_statements_covered": 100.0, "percent_statements_covered_display": "100"}, "missing_lines": [], "excluded_lines": [], "functions": {"": {"executed_lines": [2, 3, 6, 7, 9, 10, 11, 12, 13, 15, 16, 17, 19, 20, 21, 22, 23], "summary": {"covered_lines": 17, "num_statements": 17, "percent_covered": 100.0, "percent_covered_display": "100", "missing_lines": 0, "excluded_lines": 0, "percent_statements_covered": 100.0, "percent_statements_covered_display": "100"}, "missing_lines": [], "excluded_lines": []}}, "classes": {"MetadataModel": {"executed_lines": [], "summary": {"covered_lines": 0, "num_statements": 0, "percent_covered": 100.0, "percent_covered_display": "100", "missing_lines": 0, "excluded_lines": 0, "percent_statements_covered": 100.0, "percent_statements_covered_display": "100"}, "missing_lines": [], "excluded_lines": []}, "": {"executed_lines": [2, 3, 6, 7, 9, 10, 11, 12, 13, 15, 16, 17, 19, 20, 21, 22, 23], "summary": {"covered_lines": 17, "num_statements": 17, "percent_covered": 100.0, "percent_covered_display": "100", "missing_lines": 0, "excluded_lines": 0, "percent_statements_covered": 100.0, "percent_statements_covered_display": "100"}, "missing_lines": [], "excluded_lines": []}}}, "models\\stations_model.py": {"executed_lines": [2, 3, 6, 7, 8, 9, 10, 13, 14, 15, 17, 18, 19, 20, 22, 23, 25, 26, 28], "summary": {"covered_lines": 19, "num_statements": 19, "percent_covered": 100.0, "percent_covered_display": "100", "missing_lines": 0, "excluded_lines": 0, "percent_statements_covered": 100.0, "percent_statements_covered_display": "100"}, "missing_lines": [], "excluded_lines": [], "functions": {"": {"executed_lines": [2, 3, 6, 7, 8, 9, 10, 13, 14, 15, 17, 18, 19, 20, 22, 23, 25, 26, 28], "summary": {"covered_lines": 19, "num_statements": 19, "percent_covered": 100.0, "percent_covered_display": "100", "missing_lines": 0, "excluded_lines": 0, "percent_statements_covered": 100.0, "percent_statements_covered_display": "100"}, "missing_lines": [], "excluded_lines": []}}, "classes": {"LicenseInfo": {"executed_lines": [], "summary": {"covered_lines": 0, "num_statements": 0, "percent_covered": 100.0, "percent_covered_display": "100", "missing_lines": 0, "excluded_lines": 0, "percent_statements_covered": 100.0, "percent_statements_covered_display": "100"}, "missing_lines": [], "excluded_lines": []}, "StationModel": {"executed_lines": [], "summary": {"covered_lines": 0, "num_statements": 0, "percent_covered": 100.0, "percent_covered_display": "100", "missing_lines": 0, "excluded_lines": 0, "percent_statements_covered": 100.0, "percent_statements_covered_display": "100"}, "missing_lines": [], "excluded_lines": []}, "": {"executed_lines": [2, 3, 6, 7, 8, 9, 10, 13, 14, 15, 17, 18, 19, 20, 22, 23, 25, 26, 28], "summary": {"covered_lines": 19, "num_statements": 19, "percent_covered": 100.0, "percent_covered_display": "100", "missing_lines": 0, "excluded_lines": 0, "percent_statements_covered": 100.0, "percent_statements_covered_display": "100"}, "missing_lines": [], "excluded_lines": []}}}, "orchestrators\\__init__.py": {"executed_lines": [], "summary": {"covered_lines": 0, "num_statements": 0, "percent_covered": 100.0, "percent_covered_display": "100", "missing_lines": 0, "excluded_lines": 0, "percent_statements_covered": 100.0, "percent_statements_covered_display": "100"}, "missing_lines": [], "excluded_lines": [], "functions": {"": {"executed_lines": [], "summary": {"covered_lines": 0, "num_statements": 0, "percent_covered": 100.0, "percent_covered_display": "100", "missing_lines": 0, "excluded_lines": 0, "percent_statements_covered": 100.0, "percent_statements_covered_display": "100"}, "missing_lines": [], "excluded_lines": []}}, "classes": {"": {"executed_lines": [], "summary": {"covered_lines": 0, "num_statements": 0, "percent_covered": 100.0, "percent_covered_display": "100", "missing_lines": 0, "excluded_lines": 0, "percent_statements_covered": 100.0, "percent_statements_covered_display": "100"}, "missing_lines": [], "excluded_lines": []}}}, "orchestrators\\prefect_flows.py": {"executed_lines": [], "summary": {"covered_lines": 0, "num_statements": 82, "percent_covered": 0.0, "percent_covered_display": "0", "missing_lines": 82, "excluded_lines": 0, "percent_statements_covered": 0.0, "percent_statements_covered_display": "0"}, "missing_lines": [1, 2, 7, 8, 9, 14, 15, 16, 21, 26, 31, 32, 33, 34, 35, 36, 43, 44, 45, 46, 47, 48, 49, 52, 53, 54, 55, 58, 59, 60, 61, 64, 65, 66, 67, 70, 71, 72, 73, 76, 77, 78, 79, 82, 83, 84, 85, 86, 87, 88, 89, 91, 98, 99, 102, 105, 106, 108, 109, 110, 113, 116, 117, 118, 121, 122, 123, 126, 127, 128, 135, 140, 141, 144, 147, 150, 153, 156, 158, 159, 165, 166], "excluded_lines": [], "functions": {"task_init_db": {"executed_lines": [], "summary": {"covered_lines": 0, "num_statements": 5, "percent_covered": 0.0, "percent_covered_display": "0", "missing_lines": 5, "excluded_lines": 0, "percent_statements_covered": 0.0, "percent_statements_covered_display": "0"}, "missing_lines": [45, 46, 47, 48, 49], "excluded_lines": []}, "task_load_stations": {"executed_lines": [], "summary": {"covered_lines": 0, "num_statements": 2, "percent_covered": 0.0, "percent_covered_display": "0", "missing_lines": 2, "excluded_lines": 0, "percent_statements_covered": 0.0, "percent_statements_covered_display": "0"}, "missing_lines": [54, 55], "excluded_lines": []}, "task_load_metadata": {"executed_lines": [], "summary": {"covered_lines": 0, "num_statements": 2, "percent_covered": 0.0, "percent_covered_display": "0", "missing_lines": 2, "excluded_lines": 0, "percent_statements_covered": 0.0, "percent_statements_covered_display": "0"}, "missing_lines": [60, 61], "excluded_lines": []}, "task_load_staging": {"executed_lines": [], "summary": {"covered_lines": 0, "num_statements": 2, "percent_covered": 0.0, "percent_covered_display": "0", "missing_lines": 2, "excluded_lines": 0, "percent_statements_covered": 0.0, "percent_statements_covered_display": "0"}, "missing_lines": [66, 67], "excluded_lines": []}, "task_dq_staging": {"executed_lines": [], "summary": {"covered_lines": 0, "num_statements": 2, "percent_covered": 0.0, "percent_covered_display": "0", "missing_lines": 2, "excluded_lines": 0, "percent_statements_covered": 0.0, "percent_statements_covered_display": "0"}, "missing_lines": [72, 73], "excluded_lines": []}, "task_transform": {"executed_lines": [], "summary": {"covered_lines": 0, "num_statements": 2, "percent_covered": 0.0, "percent_covered_display": "0", "missing_lines": 2, "excluded_lines": 0, "percent_statements_covered": 0.0, "percent_statements_covered_display": "0"}, "missing_lines": [78, 79], "excluded_lines": []}, "task_final_tests": {"executed_lines": [], "summary": {"covered_lines": 0, "num_statements": 7, "percent_covered": 0.0, "percent_covered_display": "0", "missing_lines": 7, "excluded_lines": 0, "percent_statements_covered": 0.0, "percent_statements_covered_display": "0"}, "missing_lines": [84, 85, 86, 87, 88, 89, 91], "excluded_lines": []}, "subflow_initialize": {"executed_lines": [], "summary": {"covered_lines": 0, "num_statements": 1, "percent_covered": 0.0, "percent_covered_display": "0", "missing_lines": 1, "excluded_lines": 0, "percent_statements_covered": 0.0, "percent_statements_covered_display": "0"}, "missing_lines": [102], "excluded_lines": []}, "subflow_loaders": {"executed_lines": [], "summary": {"covered_lines": 0, "num_statements": 4, "percent_covered": 0.0, "percent_covered_display": "0", "missing_lines": 4, "excluded_lines": 0, "percent_statements_covered": 0.0, "percent_statements_covered_display": "0"}, "missing_lines": [108, 109, 110, 113], "excluded_lines": []}, "subflow_dq": {"executed_lines": [], "summary": {"covered_lines": 0, "num_statements": 1, "percent_covered": 0.0, "percent_covered_display": "0", "missing_lines": 1, "excluded_lines": 0, "percent_statements_covered": 0.0, "percent_statements_covered_display": "0"}, "missing_lines": [118], "excluded_lines": []}, "subflow_transform": {"executed_lines": [], "summary": {"covered_lines": 0, "num_statements": 1, "percent_covered": 0.0, "percent_covered_display": "0", "missing_lines": 1, "excluded_lines": 0, "percent_statements_covered": 0.0, "percent_statements_covered_display": "0"}, "missing_lines": [123], "excluded_lines": []}, "subflow_tests": {"executed_lines": [], "summary": {"covered_lines": 0, "num_statements": 1, "percent_covered": 0.0, "percent_covered_display": "0", "missing_lines": 1, "excluded_lines": 0, "percent_statements_covered": 0.0, "percent_statements_covered_display": "0"}, "missing_lines": [128], "excluded_lines": []}, "weather_pipeline": {"executed_lines": [], "summary": {"covered_lines": 0, "num_statements": 8, "percent_covered": 0.0, "percent_covered_display": "0", "missing_lines": 8, "excluded_lines": 0, "percent_statements_covered": 0.0, "percent_statements_covered_display": "0"}, "missing_lines": [141, 144, 147, 150, 153, 156, 158, 159], "excluded_lines": []}, "": {"executed_lines": [], "summary": {"covered_lines": 0, "num_statements": 44, "percent_covered": 0.0, "percent_covered_display": "0", "missing_lines": 44, "excluded_lines": 0, "percent_statements_covered": 0.0, "percent_statements_covered_display": "0"}, "missing_lines": [1, 2, 7, 8, 9, 14, 15, 16, 21, 26, 31, 32, 33, 34, 35, 36, 43, 44, 52, 53, 58, 59, 64, 65, 70, 71, 76, 77, 82, 83, 98, 99, 105, 106, 116, 117, 121, 122, 126, 127, 135, 140, 165, 166], "excluded_lines": []}}, "classes": {"": {"executed_lines": [], "summary": {"covered_lines": 0, "num_statements": 82, "percent_covered": 0.0, "percent_covered_display": "0", "missing_lines": 82, "excluded_lines": 0, "percent_statements_covered": 0.0, "percent_statements_covered_display": "0"}, "missing_lines": [1, 2, 7, 8, 9, 14, 15, 16, 21, 26, 31, 32, 33, 34, 35, 36, 43, 44, 45, 46, 47, 48, 49, 52, 53, 54, 55, 58, 59, 60, 61, 64, 65, 66, 67, 70, 71, 72, 73, 76, 77, 78, 79, 82, 83, 84, 85, 86, 87, 88, 89, 91, 98, 99, 102, 105, 106, 108, 109, 110, 113, 116, 117, 118, 121, 122, 123, 126, 127, 128, 135, 140, 141, 144, 147, 150, 153, 156, 158, 159, 165, 166], "excluded_lines": []}}}, "quality\\__init__.py": {"executed_lines": [0], "summary": {"covered_lines": 0, "num_statements": 0, "percent_covered": 100.0, "percent_covered_display": "100", "missing_lines": 0, "excluded_lines": 0, "percent_statements_covered": 100.0, "percent_statements_covered_display": "100"}, "missing_lines": [], "excluded_lines": [], "functions": {"": {"executed_lines": [], "summary": {"covered_lines": 0, "num_statements": 0, "percent_covered": 100.0, "percent_covered_display": "100", "missing_lines": 0, "excluded_lines": 0, "percent_statements_covered": 100.0, "percent_statements_covered_display": "100"}, "missing_lines": [], "excluded_lines": []}}, "classes": {"": {"executed_lines": [], "summary": {"covered_lines": 0, "num_statements": 0, "percent_covered": 100.0, "percent_covered_display": "100", "missing_lines": 0, "excluded_lines": 0, "percent_statements_covered": 100.0, "percent_statements_covered_display": "100"}, "missing_lines": [], "excluded_lines": []}}}, "quality\\dq_consistency_test.py": {"executed_lines": [3, 4, 6, 71], "summary": {"covered_lines": 4, "num_statements": 40, "percent_covered": 10.0, "percent_covered_display": "10", "missing_lines": 36, "excluded_lines": 0, "percent_statements_covered": 10.0, "percent_statements_covered_display": "10"}, "missing_lines": [7, 9, 10, 11, 13, 14, 15, 16, 21, 22, 24, 25, 26, 28, 29, 30, 31, 33, 38, 39, 41, 42, 43, 45, 46, 47, 48, 50, 56, 61, 62, 63, 65, 66, 68, 72], "excluded_lines": [], "functions": {"run_dq_consistency_test": {"executed_lines": [], "summary": {"covered_lines": 0, "num_statements": 35, "percent_covered": 0.0, "percent_covered_display": "0", "missing_lines": 35, "excluded_lines": 0, "percent_statements_covered": 0.0, "percent_statements_covered_display": "0"}, "missing_lines": [7, 9, 10, 11, 13, 14, 15, 16, 21, 22, 24, 25, 26, 28, 29, 30, 31, 33, 38, 39, 41, 42, 43, 45, 46, 47, 48, 50, 56, 61, 62, 63, 65, 66, 68], "excluded_lines": []}, "": {"executed_lines": [3, 4, 6, 71], "summary": {"covered_lines": 4, "num_statements": 5, "percent_covered": 80.0, "percent_covered_display": "80", "missing_lines": 1, "excluded_lines": 0, "percent_statements_covered": 80.0, "percent_statements_covered_display": "80"}, "missing_lines": [72], "excluded_lines": []}}, "classes": {"": {"executed_lines": [3, 4, 6, 71], "summary": {"covered_lines": 4, "num_statements": 40, "percent_covered": 10.0, "percent_covered_display": "10", "missing_lines": 36, "excluded_lines": 0, "percent_statements_covered": 10.0, "percent_statements_covered_display": "10"}, "missing_lines": [7, 9, 10, 11, 13, 14, 15, 16, 21, 22, 24, 25, 26, 28, 29, 30, 31, 33, 38, 39, 41, 42, 43, 45, 46, 47, 48, 50, 56, 61, 62, 63, 65, 66, 68, 72], "excluded_lines": []}}}, "quality\\dq_validator.py": {"executed_lines": [2, 3, 4, 5, 7, 9, 10, 12, 13, 15, 16, 18, 23, 25, 26, 27, 28, 29, 30, 33, 57, 58, 60, 61, 62, 63, 64, 67, 69, 70, 74, 75, 76, 77, 79, 80, 82, 83, 84, 86, 87, 90, 99, 101, 102, 105, 108, 110, 120, 123, 125, 135, 136, 138, 141, 152], "summary": {"covered_lines": 56, "num_statements": 72, "percent_covered": 77.77777777777777, "percent_covered_display": "78", "missing_lines": 16, "excluded_lines": 0, "percent_statements_covered": 77.77777777777777, "percent_statements_covered_display": "78"}, "missing_lines": [34, 47, 49, 50, 51, 53, 54, 71, 72, 142, 143, 144, 146, 147, 149, 153], "excluded_lines": [], "functions": {"DataQualityValidator.__init__": {"executed_lines": [26, 27, 28, 29, 30], "summary": {"covered_lines": 5, "num_statements": 5, "percent_covered": 100.0, "percent_covered_display": "100", "missing_lines": 0, "excluded_lines": 0, "percent_statements_covered": 100.0, "percent_statements_covered_display": "100"}, "missing_lines": [], "excluded_lines": []}, "DataQualityValidator.run": {"executed_lines": [], "summary": {"covered_lines": 0, "num_statements": 7, "percent_covered": 0.0, "percent_covered_display": "0", "missing_lines": 7, "excluded_lines": 0, "percent_statements_covered": 0.0, "percent_statements_covered_display": "0"}, "missing_lines": [34, 47, 49, 50, 51, 53, 54], "excluded_lines": []}, "DataQualityValidator.stringify_keys": {"executed_lines": [60, 61, 62, 63, 64], "summary": {"covered_lines": 5, "num_statements": 5, "percent_covered": 100.0, "percent_covered_display": "100", "missing_lines": 0, "excluded_lines": 0, "percent_statements_covered": 100.0, "percent_statements_covered_display": "100"}, "missing_lines": [], "excluded_lines": []}, "DataQualityValidator.validate_file": {"executed_lines": [69, 70, 74, 75, 76, 77, 79, 80, 82, 83, 84, 86, 87, 90, 99, 101, 102, 105, 108, 110, 120, 123, 125, 135, 136, 138], "summary": {"covered_lines": 26, "num_statements": 28, "percent_covered": 92.85714285714286, "percent_covered_display": "93", "missing_lines": 2, "excluded_lines": 0, "percent_statements_covered": 92.85714285714286, "percent_statements_covered_display": "93"}, "missing_lines": [71, 72], "excluded_lines": []}, "run_all_dq_tests": {"executed_lines": [], "summary": {"covered_lines": 0, "num_statements": 6, "percent_covered": 0.0, "percent_covered_display": "0", "missing_lines": 6, "excluded_lines": 0, "percent_statements_covered": 0.0, "percent_statements_covered_display": "0"}, "missing_lines": [142, 143, 144, 146, 147, 149], "excluded_lines": []}, "": {"executed_lines": [2, 3, 4, 5, 7, 9, 10, 12, 13, 15, 16, 18, 23, 25, 33, 57, 58, 67, 141, 152], "summary": {"covered_lines": 20, "num_statements": 21, "percent_covered": 95.23809523809524, "percent_covered_display": "95", "missing_lines": 1, "excluded_lines": 0, "percent_statements_covered": 95.23809523809524, "percent_statements_covered_display": "95"}, "missing_lines": [153], "excluded_lines": []}}, "classes": {"DataQualityValidator": {"executed_lines": [26, 27, 28, 29, 30, 60, 61, 62, 63, 64, 69, 70, 74, 75, 76, 77, 79, 80, 82, 83, 84, 86, 87, 90, 99, 101, 102, 105, 108, 110, 120, 123, 125, 135, 136, 138], "summary": {"covered_lines": 36, "num_statements": 45, "percent_covered": 80.0, "percent_covered_display": "80", "missing_lines": 9, "excluded_lines": 0, "percent_statements_covered": 80.0, "percent_statements_covered_display": "80"}, "missing_lines": [34, 47, 49, 50, 51, 53, 54, 71, 72], "excluded_lines": []}, "": {"executed_lines": [2, 3, 4, 5, 7, 9, 10, 12, 13, 15, 16, 18, 23, 25, 33, 57, 58, 67, 141, 152], "summary": {"covered_lines": 20, "num_statements": 27, "percent_covered": 74.07407407407408, "percent_covered_display": "74", "missing_lines": 7, "excluded_lines": 0, "percent_statements_covered": 74.07407407407408, "percent_statements_covered_display": "74"}, "missing_lines": [142, 143, 144, 146, 147, 149, 153], "excluded_lines": []}}}, "quality\\infoclimat_schema.py": {"executed_lines": [3, 4, 10, 12, 18, 19, 25], "summary": {"covered_lines": 7, "num_statements": 7, "percent_covered": 100.0, "percent_covered_display": "100", "missing_lines": 0, "excluded_lines": 0, "percent_statements_covered": 100.0, "percent_statements_covered_display": "100"}, "missing_lines": [], "excluded_lines": [], "functions": {"to_float": {"executed_lines": [12], "summary": {"covered_lines": 1, "num_statements": 1, "percent_covered": 100.0, "percent_covered_display": "100", "missing_lines": 0, "excluded_lines": 0, "percent_statements_covered": 100.0, "percent_statements_covered_display": "100"}, "missing_lines": [], "excluded_lines": []}, "": {"executed_lines": [3, 4, 10, 18, 19, 25], "summary": {"covered_lines": 6, "num_statements": 6, "percent_covered": 100.0, "percent_covered_display": "100", "missing_lines": 0, "excluded_lines": 0, "percent_statements_covered": 100.0, "percent_statements_covered_display": "100"}, "missing_lines": [], "excluded_lines": []}}, "classes": {"": {"executed_lines": [3, 4, 10, 12, 18, 19, 25], "summary": {"covered_lines": 7, "num_statements": 7, "percent_covered": 100.0, "percent_covered_display": "100", "missing_lines": 0, "excluded_lines": 0, "percent_statements_covered": 100.0, "percent_statements_covered_display": "100"}, "missing_lines": [], "excluded_lines": []}}}, "quality\\latency_test.py": {"executed_lines": [3, 4, 5, 6, 8, 9, 11, 25, 71], "summary": {"covered_lines": 9, "num_statements": 36, "percent_covered": 25.0, "percent_covered_display": "25", "missing_lines": 27, "excluded_lines": 0, "percent_statements_covered": 25.0, "percent_statements_covered_display": "25"}, "missing_lines": [15, 16, 17, 18, 19, 20, 21, 22, 26, 28, 33, 34, 35, 36, 37, 39, 40, 42, 47, 49, 51, 53, 55, 57, 67, 68, 72], "excluded_lines": [], "functions": {"measure": {"executed_lines": [], "summary": {"covered_lines": 0, "num_statements": 8, "percent_covered": 0.0, "percent_covered_display": "0", "missing_lines": 8, "excluded_lines": 0, "percent_statements_covered": 0.0, "percent_statements_covered_display": "0"}, "missing_lines": [15, 16, 17, 18, 19, 20, 21, 22], "excluded_lines": []}, "run_latency_test": {"executed_lines": [], "summary": {"covered_lines": 0, "num_statements": 18, "percent_covered": 0.0, "percent_covered_display": "0", "missing_lines": 18, "excluded_lines": 0, "percent_statements_covered": 0.0, "percent_statements_covered_display": "0"}, "missing_lines": [26, 28, 33, 34, 35, 36, 37, 39, 40, 42, 47, 49, 51, 53, 55, 57, 67, 68], "excluded_lines": []}, "": {"executed_lines": [3, 4, 5, 6, 8, 9, 11, 25, 71], "summary": {"covered_lines": 9, "num_statements": 10, "percent_covered": 90.0, "percent_covered_display": "90", "missing_lines": 1, "excluded_lines": 0, "percent_statements_covered": 90.0, "percent_statements_covered_display": "90"}, "missing_lines": [72], "excluded_lines": []}}, "classes": {"": {"executed_lines": [3, 4, 5, 6, 8, 9, 11, 25, 71], "summary": {"covered_lines": 9, "num_statements": 36, "percent_covered": 25.0, "percent_covered_display": "25", "missing_lines": 27, "excluded_lines": 0, "percent_statements_covered": 25.0, "percent_statements_covered_display": "25"}, "missing_lines": [15, 16, 17, 18, 19, 20, 21, 22, 26, 28, 33, 34, 35, 36, 37, 39, 40, 42, 47, 49, 51, 53, 55, 57, 67, 68, 72], "excluded_lines": []}}}, "quality\\null_rates_test.py": {"executed_lines": [3, 4, 5, 7, 8, 10, 108], "summary": {"covered_lines": 7, "num_statements": 59, "percent_covered": 11.864406779661017, "percent_covered_display": "12", "missing_lines": 52, "excluded_lines": 0, "percent_statemen
[...]
rcent_statements_covered_display": "100"}, "missing_lines": [], "excluded_lines": []}, "test_safe_float2_numeric_and_commas": {"executed_lines": [23, 24], "summary": {"covered_lines": 2, "num_statements": 2, "percent_covered": 100.0, "percent_covered_display": "100", "missing_lines": 0, "excluded_lines": 0, "percent_statements_covered": 100.0, "percent_statements_covered_display": "100"}, "missing_lines": [], "excluded_lines": []}, "test_safe_float2_invalid": {"executed_lines": [27, 28], "summary": {"covered_lines": 2, "num_statements": 2, "percent_covered": 100.0, "percent_covered_display": "100", "missing_lines": 0, "excluded_lines": 0, "percent_statements_covered": 100.0, "percent_statements_covered_display": "100"}, "missing_lines": [], "excluded_lines": []}, "": {"executed_lines": [3, 4, 6, 15, 18, 19, 22, 26], "summary": {"covered_lines": 8, "num_statements": 8, "percent_covered": 100.0, "percent_covered_display": "100", "missing_lines": 0, "excluded_lines": 0, "percent_statements_covered": 100.0, "percent_statements_covered_display": "100"}, "missing_lines": [], "excluded_lines": []}}, "classes": {"": {"executed_lines": [3, 4, 6, 15, 16, 18, 19, 20, 22, 23, 24, 26, 27, 28], "summary": {"covered_lines": 14, "num_statements": 14, "percent_covered": 100.0, "percent_covered_display": "100", "missing_lines": 0, "excluded_lines": 0, "percent_statements_covered": 100.0, "percent_statements_covered_display": "100"}, "missing_lines": [], "excluded_lines": []}}}, "tests\\test_transformations\\test_temp_conversions.py": {"executed_lines": [3, 4, 6, 7, 8, 10, 11, 12, 14, 15, 17, 18], "summary": {"covered_lines": 12, "num_statements": 12, "percent_covered": 100.0, "percent_covered_display": "100", "missing_lines": 0, "excluded_lines": 0, "percent_statements_covered": 100.0, "percent_statements_covered_display": "100"}, "missing_lines": [], "excluded_lines": [], "functions": {"test_f_to_c_nominal": {"executed_lines": [7, 8], "summary": {"covered_lines": 2, "num_statements": 2, "percent_covered": 100.0, "percent_covered_display": "100", "missing_lines": 0, "excluded_lines": 0, "percent_statements_covered": 100.0, "percent_statements_covered_display": "100"}, "missing_lines": [], "excluded_lines": []}, "test_f_to_c_none_cases": {"executed_lines": [12], "summary": {"covered_lines": 1, "num_statements": 1, "percent_covered": 100.0, "percent_covered_display": "100", "missing_lines": 0, "excluded_lines": 0, "percent_statements_covered": 100.0, "percent_statements_covered_display": "100"}, "missing_lines": [], "excluded_lines": []}, "test_inhg_to_hpa": {"executed_lines": [15], "summary": {"covered_lines": 1, "num_statements": 1, "percent_covered": 100.0, "percent_covered_display": "100", "missing_lines": 0, "excluded_lines": 0, "percent_statements_covered": 100.0, "percent_statements_covered_display": "100"}, "missing_lines": [], "excluded_lines": []}, "test_inches_to_mm": {"executed_lines": [18], "summary": {"covered_lines": 1, "num_statements": 1, "percent_covered": 100.0, "percent_covered_display": "100", "missing_lines": 0, "excluded_lines": 0, "percent_statements_covered": 100.0, "percent_statements_covered_display": "100"}, "missing_lines": [], "excluded_lines": []}, "": {"executed_lines": [3, 4, 6, 10, 11, 14, 17], "summary": {"covered_lines": 7, "num_statements": 7, "percent_covered": 100.0, "percent_covered_display": "100", "missing_lines": 0, "excluded_lines": 0, "percent_statements_covered": 100.0, "percent_statements_covered_display": "100"}, "missing_lines": [], "excluded_lines": []}}, "classes": {"": {"executed_lines": [3, 4, 6, 7, 8, 10, 11, 12, 14, 15, 17, 18], "summary": {"covered_lines": 12, "num_statements": 12, "percent_covered": 100.0, "percent_covered_display": "100", "missing_lines": 0, "excluded_lines": 0, "percent_statements_covered": 100.0, "percent_statements_covered_display": "100"}, "missing_lines": [], "excluded_lines": []}}}, "tests\\test_transformations\\test_wind_direction.py": {"executed_lines": [3, 4, 6, 7, 9, 10, 11], "summary": {"covered_lines": 7, "num_statements": 7, "percent_covered": 100.0, "percent_covered_display": "100", "missing_lines": 0, "excluded_lines": 0, "percent_statements_covered": 100.0, "percent_statements_covered_display": "100"}, "missing_lines": [], "excluded_lines": [], "functions": {"test_mph_to_kmh_nominal": {"executed_lines": [7], "summary": {"covered_lines": 1, "num_statements": 1, "percent_covered": 100.0, "percent_covered_display": "100", "missing_lines": 0, "excluded_lines": 0, "percent_statements_covered": 100.0, "percent_statements_covered_display": "100"}, "missing_lines": [], "excluded_lines": []}, "test_mph_to_kmh_none": {"executed_lines": [11], "summary": {"covered_lines": 1, "num_statements": 1, "percent_covered": 100.0, "percent_covered_display": "100", "missing_lines": 0, "excluded_lines": 0, "percent_statements_covered": 100.0, "percent_statements_covered_display": "100"}, "missing_lines": [], "excluded_lines": []}, "": {"executed_lines": [3, 4, 6, 9, 10], "summary": {"covered_lines": 5, "num_statements": 5, "percent_covered": 100.0, "percent_covered_display": "100", "missing_lines": 0, "excluded_lines": 0, "percent_statements_covered": 100.0, "percent_statements_covered_display": "100"}, "missing_lines": [], "excluded_lines": []}}, "classes": {"": {"executed_lines": [3, 4, 6, 7, 9, 10, 11], "summary": {"covered_lines": 7, "num_statements": 7, "percent_covered": 100.0, "percent_covered_display": "100", "missing_lines": 0, "excluded_lines": 0, "percent_statements_covered": 100.0, "percent_statements_covered_display": "100"}, "missing_lines": [], "excluded_lines": []}}}, "tests\\test_transformations\\test_wind_speed.py": {"executed_lines": [3, 4, 7, 8, 9, 10, 12, 13, 14, 15], "summary": {"covered_lines": 10, "num_statements": 10, "percent_covered": 100.0, "percent_covered_display": "100", "missing_lines": 0, "excluded_lines": 0, "percent_statements_covered": 100.0, "percent_statements_covered_display": "100"}, "missing_lines": [], "excluded_lines": [], "functions": {"test_direction_basic": {"executed_lines": [8, 9, 10], "summary": {"covered_lines": 3, "num_statements": 3, "percent_covered": 100.0, "percent_covered_display": "100", "missing_lines": 0, "excluded_lines": 0, "percent_statements_covered": 100.0, "percent_statements_covered_display": "100"}, "missing_lines": [], "excluded_lines": []}, "test_direction_invalid_returns_none": {"executed_lines": [13, 14, 15], "summary": {"covered_lines": 3, "num_statements": 3, "percent_covered": 100.0, "percent_covered_display": "100", "missing_lines": 0, "excluded_lines": 0, "percent_statements_covered": 100.0, "percent_statements_covered_display": "100"}, "missing_lines": [], "excluded_lines": []}, "": {"executed_lines": [3, 4, 7, 12], "summary": {"covered_lines": 4, "num_statements": 4, "percent_covered": 100.0, "percent_covered_display": "100", "missing_lines": 0, "excluded_lines": 0, "percent_statements_covered": 100.0, "percent_statements_covered_display": "100"}, "missing_lines": [], "excluded_lines": []}}, "classes": {"": {"executed_lines": [3, 4, 7, 8, 9, 10, 12, 13, 14, 15], "summary": {"covered_lines": 10, "num_statements": 10, "percent_covered": 100.0, "percent_covered_display": "100", "missing_lines": 0, "excluded_lines": 0, "percent_statements_covered": 100.0, "percent_statements_covered_display": "100"}, "missing_lines": [], "excluded_lines": []}}}, "tests\\test_transformations\\test_wunderground_normalization.py": {"executed_lines": [3, 4, 5, 7, 8, 16, 18, 19, 20, 21], "summary": {"covered_lines": 10, "num_statements": 10, "percent_covered": 100.0, "percent_covered_display": "100", "missing_lines": 0, "excluded_lines": 0, "percent_statements_covered": 100.0, "percent_statements_covered_display": "100"}, "missing_lines": [], "excluded_lines": [], "functions": {"test_wunderground_basic": {"executed_lines": [8, 16, 18, 19, 20, 21], "summary": {"covered_lines": 6, "num_statements": 6, "percent_covered": 100.0, "percent_covered_display": "100", "missing_lines": 0, "excluded_lines": 0, "percent_statements_covered": 100.0, "percent_statements_covered_display": "100"}, "missing_lines": [], "excluded_lines": []}, "": {"executed_lines": [3, 4, 5, 7], "summary": {"covered_lines": 4, "num_statements": 4, "percent_covered": 100.0, "percent_covered_display": "100", "missing_lines": 0, "excluded_lines": 0, "percent_statements_covered": 100.0, "percent_statements_covered_display": "100"}, "missing_lines": [], "excluded_lines": []}}, "classes": {"": {"executed_lines": [3, 4, 5, 7, 8, 16, 18, 19, 20, 21], "summary": {"covered_lines": 10, "num_statements": 10, "percent_covered": 100.0, "percent_covered_display": "100", "missing_lines": 0, "excluded_lines": 0, "percent_statements_covered": 100.0, "percent_statements_covered_display": "100"}, "missing_lines": [], "excluded_lines": []}}}, "transform\\__init__.py": {"executed_lines": [0], "summary": {"covered_lines": 0, "num_statements": 0, "percent_covered": 100.0, "percent_covered_display": "100", "missing_lines": 0, "excluded_lines": 0, "percent_statements_covered": 100.0, "percent_statements_covered_display": "100"}, "missing_lines": [], "excluded_lines": [], "functions": {"": {"executed_lines": [], "summary": {"covered_lines": 0, "num_statements": 0, "percent_covered": 100.0, "percent_covered_display": "100", "missing_lines": 0, "excluded_lines": 0, "percent_statements_covered": 100.0, "percent_statements_covered_display": "100"}, "missing_lines": [], "excluded_lines": []}}, "classes": {"": {"executed_lines": [], "summary": {"covered_lines": 0, "num_statements": 0, "percent_covered": 100.0, "percent_covered_display": "100", "missing_lines": 0, "excluded_lines": 0, "percent_statements_covered": 100.0, "percent_statements_covered_display": "100"}, "missing_lines": [], "excluded_lines": []}}}, "transform\\run_hourly_transform.py": {"executed_lines": [3, 4, 5, 6, 7, 9, 10, 12, 120], "summary": {"covered_lines": 9, "num_statements": 59, "percent_covered": 15.254237288135593, "percent_covered_display": "15", "missing_lines": 50, "excluded_lines": 0, "percent_statements_covered": 15.254237288135593, "percent_statements_covered_display": "15"}, "missing_lines": [13, 15, 20, 21, 23, 24, 25, 26, 27, 29, 30, 32, 41, 46, 47, 49, 51, 52, 53, 58, 59, 60, 63, 69, 70, 72, 73, 74, 76, 77, 79, 81, 82, 85, 86, 88, 89, 90, 92, 93, 96, 98, 99, 101, 102, 103, 108, 110, 117, 121], "excluded_lines": [], "functions": {"run_hourly_transform": {"executed_lines": [], "summary": {"covered_lines": 0, "num_statements": 49, "percent_covered": 0.0, "percent_covered_display": "0", "missing_lines": 49, "excluded_lines": 0, "percent_statements_covered": 0.0, "percent_statements_covered_display": "0"}, "missing_lines": [13, 15, 20, 21, 23, 24, 25, 26, 27, 29, 30, 32, 41, 46, 47, 49, 51, 52, 53, 58, 59, 60, 63, 69, 70, 72, 73, 74, 76, 77, 79, 81, 82, 85, 86, 88, 89, 90, 92, 93, 96, 98, 99, 101, 102, 103, 108, 110, 117], "excluded_lines": []}, "": {"executed_lines": [3, 4, 5, 6, 7, 9, 10, 12, 120], "summary": {"covered_lines": 9, "num_statements": 10, "percent_covered": 90.0, "percent_covered_display": "90", "missing_lines": 1, "excluded_lines": 0, "percent_statements_covered": 90.0, "percent_statements_covered_display": "90"}, "missing_lines": [121], "excluded_lines": []}}, "classes": {"": {"executed_lines": [3, 4, 5, 6, 7, 9, 10, 12, 120], "summary": {"covered_lines": 9, "num_statements": 59, "percent_covered": 15.254237288135593, "percent_covered_display": "15", "missing_lines": 50, "excluded_lines": 0, "percent_statements_covered": 15.254237288135593, "percent_statements_covered_display": "15"}, "missing_lines": [13, 15, 20, 21, 23, 24, 25, 26, 27, 29, 30, 32, 41, 46, 47, 49, 51, 52, 53, 58, 59, 60, 63, 69, 70, 72, 73, 74, 76, 77, 79, 81, 82, 85, 86, 88, 89, 90, 92, 93, 96, 98, 99, 101, 102, 103, 108, 110, 117, 121], "excluded_lines": []}}}, "transform\\transformations.py": {"executed_lines": [2, 3, 4, 5, 7, 8, 13, 21, 32, 33, 35, 38, 41, 42, 43, 45, 46, 47, 52, 54, 55, 57, 60, 61, 64, 66, 67, 72, 74, 75, 77, 80, 84, 87, 89, 90, 91, 92, 97, 107, 108, 109, 110, 111, 116, 117, 118, 119, 120, 125, 126, 127, 128, 129, 134, 135, 136, 137, 138, 147, 148, 149, 150, 155, 159, 162, 163, 164, 167, 169, 170, 177, 178, 179, 182, 183, 184, 185, 186, 187, 189, 190, 193, 197, 200, 206, 243, 245, 246, 248], "summary": {"covered_lines": 90, "num_statements": 113, "percent_covered": 79.64601769911505, "percent_covered_display": "80", "missing_lines": 23, "excluded_lines": 0, "percent_statements_covered": 79.64601769911505, "percent_statements_covered_display": "80"}, "missing_lines": [36, 48, 49, 58, 62, 68, 69, 81, 99, 100, 101, 112, 113, 121, 122, 130, 131, 139, 140, 160, 165, 171, 172], "excluded_lines": [], "functions": {"safe_float": {"executed_lines": [32, 33, 35, 38, 41, 42, 43, 45, 46, 47], "summary": {"covered_lines": 10, "num_statements": 13, "percent_covered": 76.92307692307692, "percent_covered_display": "77", "missing_lines": 3, "excluded_lines": 0, "percent_statements_covered": 76.92307692307692, "percent_statements_covered_display": "77"}, "missing_lines": [36, 48, 49], "excluded_lines": []}, "safe_int": {"executed_lines": [54, 55, 57, 60, 61, 64, 66, 67], "summary": {"covered_lines": 8, "num_statements": 12, "percent_covered": 66.66666666666667, "percent_covered_display": "67", "missing_lines": 4, "excluded_lines": 0, "percent_statements_covered": 66.66666666666667, "percent_statements_covered_display": "67"}, "missing_lines": [58, 62, 68, 69], "excluded_lines": []}, "safe_float2": {"executed_lines": [74, 75, 77, 80, 84, 87, 89, 90, 91, 92], "summary": {"covered_lines": 10, "num_statements": 11, "percent_covered": 90.9090909090909, "percent_covered_display": "91", "missing_lines": 1, "excluded_lines": 0, "percent_statements_covered": 90.9090909090909, "percent_statements_covered_display": "91"}, "missing_lines": [81], "excluded_lines": []}, "safe_okta": {"executed_lines": [], "summary": {"covered_lines": 0, "num_statements": 3, "percent_covered": 0.0, "percent_covered_display": "0", "missing_lines": 3, "excluded_lines": 0, "percent_statements_covered": 0.0, "percent_statements_covered_display": "0"}, "missing_lines": [99, 100, 101], "excluded_lines": []}, "f_to_c": {"executed_lines": [108, 109, 110, 111], "summary": {"covered_lines": 4, "num_statements": 6, "percent_covered": 66.66666666666667, "percent_covered_display": "67", "missing_lines": 2, "excluded_lines": 0, "percent_statements_covered": 66.66666666666667, "percent_statements_covered_display": "67"}, "missing_lines": [112, 113], "excluded_lines": []}, "mph_to_kmh": {"executed_lines": [117, 118, 119, 120], "summary": {"covered_lines": 4, "num_statements": 6, "percent_covered": 66.66666666666667, "percent_covered_display": "67", "missing_lines": 2, "excluded_lines": 0, "percent_statements_covered": 66.66666666666667, "percent_statements_covered_display": "67"}, "missing_lines": [121, 122], "excluded_lines": []}, "inhg_to_hpa": {"executed_lines": [126, 127, 128, 129], "summary": {"covered_lines": 4, "num_statements": 6, "percent_covered": 66.66666666666667, "percent_covered_display": "67", "missing_lines": 2, "excluded_lines": 0, "percent_statements_covered": 66.66666666666667, "percent_statements_covered_display": "67"}, "missing_lines": [130, 131], "excluded_lines": []}, "inches_to_mm": {"executed_lines": [135, 136, 137, 138], "summary": {"covered_lines": 4, "num_statements": 6, "percent_covered": 66.66666666666667, "percent_covered_display": "67", "missing_lines": 2, "excluded_lines": 0, "percent_statements_covered": 66.66666666666667, "percent_statements_covered_display": "67"}, "missing_lines": [139, 140], "excluded_lines": []}, "convert_wind_direction": {"executed_lines": [148, 149, 150], "summary": {"covered_lines": 3, "num_statements": 3, "percent_covered": 100.0, "percent_covered_display": "100", "missing_lines": 0, "excluded_lines": 0, "percent_statements_covered": 100.0, "percent_statements_covered_display": "100"}, "missing_lines": [], "excluded_lines": []}, "extract_date_from_s3_key": {"executed_lines": [159, 162, 163, 164, 167, 169, 170], "summary": {"covered_lines": 7, "num_statements": 11, "percent_covered": 63.63636363636363, "percent_covered_display": "64", "missing_lines": 4, "excluded_lines": 0, "percent_statements_covered": 63.63636363636363, "percent_statements_covered_display": "64"}, "missing_lines": [160, 165, 171, 172], "excluded_lines": []}, "convert_time_local_to_utc": {"executed_lines": [178, 179, 182, 183, 184, 185, 186, 187, 189, 190, 193, 197], "summary": {"covered_lines": 12, "num_statements": 12, "percent_covered": 100.0, "percent_covered_display": "100", "missing_lines": 0, "excluded_lines": 0, "percent_statements_covered": 100.0, "percent_statements_covered_display": "100"}, "missing_lines": [], "excluded_lines": []}, "transform_infoclimat": {"executed_lines": [206], "summary": {"covered_lines": 1, "num_statements": 1, "percent_covered": 100.0, "percent_covered_display": "100", "missing_lines": 0, "excluded_lines": 0, "percent_statements_covered": 100.0, "percent_statements_covered_display": "100"}, "missing_lines": [], "excluded_lines": []}, "transform_document": {"executed_lines": [245, 246, 248], "summary": {"covered_lines": 3, "num_statements": 3, "percent_covered": 100.0, "percent_covered_display": "100", "missing_lines": 0, "excluded_lines": 0, "percent_statements_covered": 100.0, "percent_statements_covered_display": "100"}, "missing_lines": [], "excluded_lines": []}, "": {"executed_lines": [2, 3, 4, 5, 7, 8, 13, 21, 52, 72, 97, 107, 116, 125, 134, 147, 155, 177, 200, 243], "summary": {"covered_lines": 20, "num_statements": 20, "percent_covered": 100.0, "percent_covered_display": "100", "missing_lines": 0, "excluded_lines": 0, "percent_statements_covered": 100.0, "percent_statements_covered_display": "100"}, "missing_lines": [], "excluded_lines": []}}, "classes": {"": {"executed_lines": [2, 3, 4, 5, 7, 8, 13, 21, 32, 33, 35, 38, 41, 42, 43, 45, 46, 47, 52, 54, 55, 57, 60, 61, 64, 66, 67, 72, 74, 75, 77, 80, 84, 87, 89, 90, 91, 92, 97, 107, 108, 109, 110, 111, 116, 117, 118, 119, 120, 125, 126, 127, 128, 129, 134, 135, 136, 137, 138, 147, 148, 149, 150, 155, 159, 162, 163, 164, 167, 169, 170, 177, 178, 179, 182, 183, 184, 185, 186, 187, 189, 190, 193, 197, 200, 206, 243, 245, 246, 248], "summary": {"covered_lines": 90, "num_statements": 113, "percent_covered": 79.64601769911505, "percent_covered_display": "80", "missing_lines": 23, "excluded_lines": 0, "percent_statements_covered": 79.64601769911505, "percent_statements_covered_display": "80"}, "missing_lines": [36, 48, 49, 58, 62, 68, 69, 81, 99, 100, 101, 112, 113, 121, 122, 130, 131, 139, 140, 160, 165, 171, 172], "excluded_lines": []}}}, "utils\\__init__.py": {"executed_lines": [], "summary": {"covered_lines": 0, "num_statements": 0, "percent_covered": 100.0, "percent_covered_display": "100", "missing_lines": 0, "excluded_lines": 0, "percent_statements_covered": 100.0, "percent_statements_covered_display": "100"}, "missing_lines": [], "excluded_lines": [], "functions": {"": {"executed_lines": [], "summary": {"covered_lines": 0, "num_statements": 0, "percent_covered": 100.0, "percent_covered_display": "100", "missing_lines": 0, "excluded_lines": 0, "percent_statements_covered": 100.0, "percent_statements_covered_display": "100"}, "missing_lines": [], "excluded_lines": []}}, "classes": {"": {"executed_lines": [], "summary": {"covered_lines": 0, "num_statements": 0, "percent_covered": 100.0, "percent_covered_display": "100", "missing_lines": 0, "excluded_lines": 0, "percent_statements_covered": 100.0, "percent_statements_covered_display": "100"}, "missing_lines": [], "excluded_lines": []}}}}, "totals": {"covered_lines": 1492, "num_statements": 2190, "percent_covered": 68.12785388127854, "percent_covered_display": "68", "missing_lines": 698, "excluded_lines": 1, "percent_statements_covered": 68.12785388127854, "percent_statements_covered_display": "68"}}